#
# A fatal error has been detected by the Java Runtime Environment:
#
#  Internal Error (jvmciRuntime.cpp:1609), pid=32, tid=46
#  fatal error: Fatal exception in JVMCI: Error calling jdk.vm.ci.services.Services.serializeSavedProperties
#
# JRE version: OpenJDK Runtime Environment GraalVM CE 22.3.0 (17.0.5+8) (build 17.0.5+8-jvmci-22.3-b08)
# Java VM: OpenJDK 64-Bit Server VM GraalVM CE 22.3.0 (17.0.5+8-jvmci-22.3-b08, mixed mode, sharing, tiered, jvmci, jvmci compiler, compressed oops, compressed class ptrs, parallel gc, linux-amd64)
# Problematic frame:
# V  [libjvm.so+0x972714]  JVMCIRuntime::fatal_exception(JVMCIEnv*, char const*)+0x74
#
# Core dump will be written. Default location: Core dumps may be processed with "/usr/share/apport/apport -p%p -s%s -c%c -d%d -P%P -u%u -g%g -- %E" (or dumping to /home/runner/Aggregate-and-Collaborate/core.32)
#
# If you would like to submit a bug report, please visit:
#   https://github.com/oracle/graal/issues
#

---------------  S U M M A R Y ------------

Command Line: -XX:ThreadPriorityPolicy=1 -XX:+UnlockExperimentalVMOptions -XX:+EnableJVMCIProduct -XX:JVMCIThreadsPerNativeLibraryRuntime=1 -XX:-UnlockExperimentalVMOptions -Declipse.application=org.eclipse.jdt.ls.core.id1 -Dosgi.bundles.defaultStartLevel=4 -Declipse.product=org.eclipse.jdt.ls.core.product -Dlog.level=ALL -Xverify:none -XX:+UseParallelGC -XX:GCTimeRatio=4 -XX:AdaptiveSizePolicyWeight=90 -Dsun.zip.disableMemoryMapping=true -Xmx512m -Xms100m /nix/store/m6gcpi1ii6rghy04cjwjddcavv7i90df-jdt-language-server-1.9.0/share/java/plugins/org.eclipse.equinox.launcher_1.6.400.v20210924-0641.jar --add-modules=ALL-SYSTEM --add-opens java.base/java.util=ALL-UNNAMED --add-opens java.base/java.lang=ALL-UNNAMED -configuration /home/runner/.cache/jdt-language-server/config -data /home/runner/.cache/jdt-language-server/data/home/runner/Aggregate-and-Collaborate

Host: AMD EPYC 7B12, 8 cores, 1G, Ubuntu 20.04.2 LTS
Time: Thu Mar  9 23:59:05 2023 UTC elapsed time: 214.498197 seconds (0d 0h 3m 34s)

---------------  T H R E A D  ---------------

Current thread (0x00007ff7cc0b2200):  JavaThread "JVMCI-native CompilerThread0" daemon [_thread_in_vm, id=46, stack(0x00007ff7b0e1a000,0x00007ff7b101a000)]


Current CompileTask:
JVMCI-native: 214498 9730  s    4       org.eclipse.jdt.internal.core.search.processing.JobManager::awaitingJobsCount (21 bytes)

Stack: [0x00007ff7b0e1a000,0x00007ff7b101a000],  sp=0x00007ff7b1018380,  free space=2040k
Native frames: (J=compiled Java code, j=interpreted, Vv=VM code, C=native code)
V  [libjvm.so+0x972714]  JVMCIRuntime::fatal_exception(JVMCIEnv*, char const*)+0x74
V  [libjvm.so+0x93e2fe]  JVMCIEnv::copy_saved_properties()+0x14e
V  [libjvm.so+0x9732a9]  JVMCIRuntime::initialize(JVMCIEnv*)+0xb19
V  [libjvm.so+0x9738a2]  JVMCIRuntime::get_HotSpotJVMCIRuntime(JVMCIEnv*)+0x12
V  [libjvm.so+0x9749f2]  JVMCIRuntime::compile_method(JVMCIEnv*, JVMCICompiler*, methodHandle const&, int)+0xd2
V  [libjvm.so+0x5b0d20]  CompileBroker::invoke_compiler_on_method(CompileTask*)+0x1470
V  [libjvm.so+0x5b12e8]  CompileBroker::compiler_thread_loop()+0x528
V  [libjvm.so+0xd82460]  JavaThread::thread_main_inner()+0xd0
V  [libjvm.so+0xd85a40]  Thread::call_run()+0xc0
V  [libjvm.so+0xbdb1e1]  thread_native_entry(Thread*)+0xe1

Register to memory mapping:

RAX=0x00007ff7d0af1000 points into unknown readable memory: 0x0000000000000058 | 58 00 00 00 00 00 00 00
RBX=0x00007ff7d1bec398: <offset 0x0000000000ef5398> in /nix/store/gpxl5qgg8kicmcvivwmybwjlpf7wh20l-graalvm17-ce-22.3.0/lib/server/libjvm.so at 0x00007ff7d0cf7000
RCX=0x00007ff7d1ba41e8: <offset 0x0000000000ead1e8> in /nix/store/gpxl5qgg8kicmcvivwmybwjlpf7wh20l-graalvm17-ce-22.3.0/lib/server/libjvm.so at 0x00007ff7d0cf7000
RDX=0x0000000000000649 is an unknown value
RSP=0x00007ff7b1018380 is pointing into the stack for thread: 0x00007ff7cc0b2200
RBP=0x00007ff7b10183a0 is pointing into the stack for thread: 0x00007ff7cc0b2200
RSI=0x00007ff7d1becc48: <offset 0x0000000000ef5c48> in /nix/store/gpxl5qgg8kicmcvivwmybwjlpf7wh20l-graalvm17-ce-22.3.0/lib/server/libjvm.so at 0x00007ff7d0cf7000
RDI=0x00000000e0000000 is an oop: java.lang.String 
{0x00000000e0000000} - klass: 'java/lang/String'
 - string: "resolution"
R8 =0x00007ff7d1bec398: <offset 0x0000000000ef5398> in /nix/store/gpxl5qgg8kicmcvivwmybwjlpf7wh20l-graalvm17-ce-22.3.0/lib/server/libjvm.so at 0x00007ff7d0cf7000
R9 =0x00007ff7b1018330 is pointing into the stack for thread: 0x00007ff7cc0b2200
R10=0x00007ff7b1019948 is pointing into the stack for thread: 0x00007ff7cc0b2200
R11=0x0000000000000293 is an unknown value
R12=0x0 is NULL
R13=0x00007ff7cc0b2200 is a thread
R14=0x00007ff7cc000b80 points into unknown readable memory: 0x00007ff7d1e1da38 | 38 da e1 d1 f7 7f 00 00
R15=0x00007ff7d1f2be40: <offset 0x0000000001234e40> in /nix/store/gpxl5qgg8kicmcvivwmybwjlpf7wh20l-graalvm17-ce-22.3.0/lib/server/libjvm.so at 0x00007ff7d0cf7000


Registers:
RAX=0x00007ff7d0af1000, RBX=0x00007ff7d1bec398, RCX=0x00007ff7d1ba41e8, RDX=0x0000000000000649
RSP=0x00007ff7b1018380, RBP=0x00007ff7b10183a0, RSI=0x00007ff7d1becc48, RDI=0x00000000e0000000
R8 =0x00007ff7d1bec398, R9 =0x00007ff7b1018330, R10=0x00007ff7b1019948, R11=0x0000000000000293
R12=0x0000000000000000, R13=0x00007ff7cc0b2200, R14=0x00007ff7cc000b80, R15=0x00007ff7d1f2be40
RIP=0x00007ff7d1669714, EFLAGS=0x0000000000010206, CSGSFS=0x002b000000000033, ERR=0x0000000000000006
  TRAPNO=0x000000000000000e

Top of Stack: (sp=0x00007ff7b1018380)
0x00007ff7b1018380:   00007ff7b1018940 00007ff7cc0b2200
0x00007ff7b1018390:   00007ff7d04828c8 0000000800c415a8
0x00007ff7b10183a0:   00007ff7b1018500 00007ff7d16352fe
0x00007ff7b10183b0:   00007ff7b10183e0 00007ff7b1018440 

Instructions: (pc=0x00007ff7d1669714)
0x00007ff7d1669614:   30 e8 f6 cf e8 ff 4c 89 e7 e8 2e 48 d1 ff 84 db
0x00007ff7d1669624:   75 2a 4d 85 ed 74 04 4d 8b 6d 00 48 83 c4 08 44
0x00007ff7d1669634:   89 f9 4c 89 f2 4c 89 ee 5b 4c 89 e7 41 5c 41 5d
0x00007ff7d1669644:   41 5e 41 5f 5d e9 e2 47 d1 ff 66 90 48 83 c4 08
0x00007ff7d1669654:   5b 41 5c 41 5d 41 5e 41 5f 5d c3 90 31 d2 be 08
0x00007ff7d1669664:   00 00 00 4c 89 ff e8 b1 78 a3 ff 49 89 c5 e9 37
0x00007ff7d1669674:   ff ff ff 66 0f 1f 84 00 00 00 00 00 48 8b 7a 08
0x00007ff7d1669684:   e9 6d ff ff ff 0f 1f 80 00 00 00 00 e8 5b 48 0a
0x00007ff7d1669694:   00 84 c0 75 89 e9 6a ff ff ff 66 90 55 48 89 e5
0x00007ff7d16696a4:   41 56 41 55 41 54 49 89 fc 53 48 89 f3 66 48 8d
0x00007ff7d16696b4:   3d 27 5e 85 00 66 66 48 e8 df 43 8d ff 4c 8b 28
0x00007ff7d16696c4:   8b 05 be 72 8a 00 85 c0 75 14 ba 01 00 00 00 48
0x00007ff7d16696d4:   8d 0d ae 72 8a 00 f0 0f b1 11 85 c0 74 4e be c8
0x00007ff7d16696e4:   00 00 00 4c 89 ef e8 01 0b 41 00 48 8d 05 12 ac
0x00007ff7d16696f4:   85 00 49 89 d8 48 8d 0d e8 aa 53 00 ba 49 06 00
0x00007ff7d1669704:   00 48 8d 35 3c 35 58 00 bf 00 00 00 e0 48 8b 00
0x00007ff7d1669714:   c6 00 58 31 c0 e8 e2 91 c6 ff 5b 41 5c 41 5d 41
0x00007ff7d1669724:   5e 5d e9 55 34 26 00 0f 1f 44 00 00 48 8d 05 81
0x00007ff7d1669734:   a3 8b 00 48 89 df 4c 8b 30 e8 9e 43 8d ff 48 89
0x00007ff7d1669744:   de 48 89 c2 49 8b 06 4c 89 f7 ff 50 08 4c 89 f7
0x00007ff7d1669754:   e8 a7 5c 27 00 4d 85 e4 74 12 be 01 00 00 00 4c
0x00007ff7d1669764:   89 e7 e8 35 43 fc ff eb 82 0f 1f 00 be 01 00 00
0x00007ff7d1669774:   00 4c 89 ef e8 d3 fd ff ff e9 6d ff ff ff 66 66
0x00007ff7d1669784:   2e 0f 1f 84 00 00 00 00 00 0f 1f 00 55 48 89 e5
0x00007ff7d1669794:   41 57 41 56 41 55 41 54 53 48 81 ec 08 02 00 00
0x00007ff7d16697a4:   64 48 8b 04 25 28 00 00 00 48 89 45 c8 8b 07 83
0x00007ff7d16697b4:   f8 02 0f 84 11 04 00 00 4c 8b 6f 18 49 89 ff 49
0x00007ff7d16697c4:   89 f4 4d 85 ed 74 14 4c 89 ef e8 5d 57 22 00 41
0x00007ff7d16697d4:   8b 07 83 f8 02 0f 84 19 04 00 00 48 8d 1d 9a 06
0x00007ff7d16697e4:   8a 00 4c 8d 35 0b 3c 58 00 eb 38 90 48 85 d2 7f
0x00007ff7d16697f4:   0d 48 8d 05 b4 c0 85 00 48 83 38 00 7e 0e 41 8b
0x00007ff7d1669804:   77 2c 4c 89 f7 31 c0 e8 a0 b2 f7 ff 49 8b 7f 18 


Stack slot to memory mapping:
stack at sp + 0 slots: 0x00007ff7b1018940 is pointing into the stack for thread: 0x00007ff7cc0b2200
stack at sp + 1 slots: 0x00007ff7cc0b2200 is a thread
stack at sp + 2 slots: 0x00007ff7d04828c8 points into unknown readable memory: 0x6573001880c9ffff | ff ff c9 80 18 00 73 65
stack at sp + 3 slots: 0x0000000800c415a8 is a pointer to class: 
jdk.vm.ci.services.Services {0x0000000800c415a8}
 - instance size:     2
 - klass size:        65
 - access:            public final synchronized 
 - state:             fully_initialized
 - name:              'jdk/vm/ci/services/Services'
 - super:             'java/lang/Object'
 - sub:               
 - arrays:            NULL
 - methods:           Array<T>(0x00007ff7b183e410)
 - method ordering:   Array<T>(0x0000000800928960)
 - default_methods:   Array<T>(0x0000000000000000)
 - local interfaces:  Array<T>(0x00000008005ce810)
 - trans. interfaces: Array<T>(0x00000008005ce810)
 - constants:         constant pool [427] {0x00007ff7b183d4f0} for 'jdk/vm/ci/services/Services' cache=0x00007ff7b183f6e0
 - class loader data:  loader data: 0x00007ff7cc028410 of 'bootstrap'
 - source file:       'Services.java'
 - class annotations:       Array<T>(0x0000000000000000)
 - class type annotations:  Array<T>(0x0000000000000000)
 - field annotations:       Array<T>(0x0000000000000000)
 - field type annotations:  Array<T>(0x0000000000000000)
 - inner classes:     Array<T>(0x00007ff7b183f6b0)
 - nest members:     Array<T>(0x00007ff7b183f6d0)
 - permitted subclasses:     Array<T>(0x00000008005ce7a0)
 - java mirror:       a 'java/lang/Class'{0x00000000e014b1d8} = 'jdk/vm/ci/services/Services'
 - vtable length      5  (start addr: 0x0000000800c41778)
 - itable length      2 (start addr: 0x0000000800c417a0)
 - ---- static fields (3 words):
 - public static final 'IS_BUILDING_NATIVE_IMAGE' 'Z' @128 
 - public static final 'IS_IN_NATIVE_IMAGE' 'Z' @129 
 - private static volatile 'savedProperties' 'Ljava/util/Map;' @112 
 - static final 'JVMCI_ENABLED' 'Z' @130 
 - private static final 'servicesCache' 'Ljava/util/Map;' @116 
 - private static final 'MAX_UNICODE_IN_UTF8_LENGTH' 'I' @120 
 - private static final 'MAX_UTF8_PROPERTY_STRING_LENGTH' 'I' @124 
 - ---- non-static fields (0 words):
 - non-static oop maps: 
stack at sp + 4 slots: 0x00007ff7b1018500 is pointing into the stack for thread: 0x00007ff7cc0b2200
stack at sp + 5 slots: 0x00007ff7d16352fe: <offset 0x000000000093e2fe> in /nix/store/gpxl5qgg8kicmcvivwmybwjlpf7wh20l-graalvm17-ce-22.3.0/lib/server/libjvm.so at 0x00007ff7d0cf7000
stack at sp + 6 slots: 0x00007ff7b10183e0 is pointing into the stack for thread: 0x00007ff7cc0b2200
stack at sp + 7 slots: 0x00007ff7b1018440 is pointing into the stack for thread: 0x00007ff7cc0b2200


---------------  P R O C E S S  ---------------

Threads class SMR info:
_java_thread_list=0x00007ff7340af6f0, length=40, elements={
0x00007ff7cc0266b0, 0x00007ff7cc0a64f0, 0x00007ff7cc0a7930, 0x00007ff7cc0ae070,
0x00007ff7cc0af420, 0x00007ff7cc0b0810, 0x00007ff7cc0b2200, 0x00007ff7cc0b3710,
0x00007ff7cc0b4b60, 0x00007ff7cc0dfaa0, 0x00007ff7cc127f60, 0x00007ff7cc33ce50,
0x00007ff7cc370b70, 0x00007ff7cc372930, 0x00007ff7cc637d30, 0x00007ff76001a700,
0x00007ff7602a13f0, 0x00007ff7604850d0, 0x00007ff760653010, 0x00007ff7cc39dfe0,
0x00007ff748007670, 0x00007ff7cc3ac7b0, 0x00007ff73c0bea10, 0x00007ff73017d5c0,
0x00007ff73017ffe0, 0x00007ff73018cb90, 0x00007ff730191af0, 0x00007ff730192c90,
0x00007ff7301934d0, 0x00007ff7301944a0, 0x00007ff7301956c0, 0x00007ff7301d2910,
0x00007ff73015a270, 0x00007ff73017b460, 0x00007ff73015d610, 0x00007ff730160590,
0x00007ff7301cb520, 0x00007ff7301d0510, 0x00007ff7301d7300, 0x00007ff73015e770
}

Java Threads: ( => current thread )
  0x00007ff7cc0266b0 JavaThread "main" [_thread_blocked, id=38, stack(0x00007ff7d0b12000,0x00007ff7d0c12000)]
  0x00007ff7cc0a64f0 JavaThread "Reference Handler" daemon [_thread_blocked, id=41, stack(0x00007ff7b1700000,0x00007ff7b1800000)]
  0x00007ff7cc0a7930 JavaThread "Finalizer" daemon [_thread_blocked, id=42, stack(0x00007ff7b1600000,0x00007ff7b1700000)]
  0x00007ff7cc0ae070 JavaThread "Signal Dispatcher" daemon [_thread_blocked, id=43, stack(0x00007ff7b121a000,0x00007ff7b131a000)]
  0x00007ff7cc0af420 JavaThread "Service Thread" daemon [_thread_blocked, id=44, stack(0x00007ff7b111a000,0x00007ff7b121a000)]
  0x00007ff7cc0b0810 JavaThread "Monitor Deflation Thread" daemon [_thread_blocked, id=45, stack(0x00007ff7b101a000,0x00007ff7b111a000)]
=>0x00007ff7cc0b2200 JavaThread "JVMCI-native CompilerThread0" daemon [_thread_in_vm, id=46, stack(0x00007ff7b0e1a000,0x00007ff7b101a000)]
  0x00007ff7cc0b3710 JavaThread "C1 CompilerThread0" daemon [_thread_blocked, id=47, stack(0x00007ff7b0c1a000,0x00007ff7b0e1a000)]
  0x00007ff7cc0b4b60 JavaThread "Sweeper thread" daemon [_thread_blocked, id=48, stack(0x00007ff7b0b1a000,0x00007ff7b0c1a000)]
  0x00007ff7cc0dfaa0 JavaThread "Common-Cleaner" daemon [_thread_blocked, id=49, stack(0x00007ff7b0a1a000,0x00007ff7b0b1a000)]
  0x00007ff7cc127f60 JavaThread "Notification Thread" daemon [_thread_blocked, id=50, stack(0x00007ff7b091a000,0x00007ff7b0a1a000)]
  0x00007ff7cc33ce50 JavaThread "Active Thread: Equinox Container: d8a601a7-3dae-4d5f-979f-140898476e34" [_thread_blocked, id=63, stack(0x00007ff7b0600000,0x00007ff7b0700000)]
  0x00007ff7cc370b70 JavaThread "Framework Event Dispatcher: Equinox Container: d8a601a7-3dae-4d5f-979f-140898476e34" daemon [_thread_blocked, id=64, stack(0x00007ff7b0400000,0x00007ff7b0500000)]
  0x00007ff7cc372930 JavaThread "Start Level: Equinox Container: d8a601a7-3dae-4d5f-979f-140898476e34" daemon [_thread_blocked, id=65, stack(0x00007ff7b0200000,0x00007ff7b0300000)]
  0x00007ff7cc637d30 JavaThread "Refresh Thread: Equinox Container: d8a601a7-3dae-4d5f-979f-140898476e34" daemon [_thread_blocked, id=72, stack(0x00007ff7b0000000,0x00007ff7b0100000)]
  0x00007ff76001a700 JavaThread "SCR Component Actor" daemon [_thread_blocked, id=75, stack(0x00007ff778900000,0x00007ff778a00000)]
  0x00007ff7602a13f0 JavaThread "Worker-JM" [_thread_blocked, id=85, stack(0x00007ff778500000,0x00007ff778600000)]
  0x00007ff7604850d0 JavaThread "Java indexing" daemon [_thread_blocked, id=88, stack(0x00007ff777f00000,0x00007ff778000000)]
  0x00007ff760653010 JavaThread "Bundle File Closer" daemon [_thread_blocked, id=97, stack(0x00007ff777d00000,0x00007ff777e00000)]
  0x00007ff7cc39dfe0 JavaThread "pool-3-thread-1" [_thread_blocked, id=98, stack(0x00007ff777b00000,0x00007ff777c00000)]
  0x00007ff748007670 JavaThread "Worker-2" [_thread_blocked, id=99, stack(0x00007ff777900000,0x00007ff777a00000)]
  0x00007ff7cc3ac7b0 JavaThread "pool-2-thread-1" [_thread_blocked, id=100, stack(0x00007ff777700000,0x00007ff777800000)]
  0x00007ff73c0bea10 JavaThread "Worker-5" [_thread_blocked, id=172, stack(0x00007ff778700000,0x00007ff778800000)]
  0x00007ff73017d5c0 JavaThread "Thread-24" [_thread_blocked, id=205, stack(0x00007ff774200000,0x00007ff774300000)]
  0x00007ff73017ffe0 JavaThread "Thread-26" [_thread_blocked, id=207, stack(0x00007ff775a00000,0x00007ff775b00000)]
  0x00007ff73018cb90 JavaThread "Thread-37" [_thread_blocked, id=225, stack(0x00007ff75e700000,0x00007ff75e800000)]
  0x00007ff730191af0 JavaThread "Thread-41" [_thread_blocked, id=230, stack(0x00007ff75db00000,0x00007ff75dc00000)]
  0x00007ff730192c90 JavaThread "Thread-42" [_thread_blocked, id=239, stack(0x00007ff774500000,0x00007ff774600000)]
  0x00007ff7301934d0 JavaThread "Thread-43" [_thread_blocked, id=240, stack(0x00007ff75da00000,0x00007ff75db00000)]
  0x00007ff7301944a0 JavaThread "Thread-44" [_thread_blocked, id=241, stack(0x00007ff75d900000,0x00007ff75da00000)]
  0x00007ff7301956c0 JavaThread "Thread-45" [_thread_blocked, id=242, stack(0x00007ff75d800000,0x00007ff75d900000)]
  0x00007ff7301d2910 JavaThread "Thread-69" [_thread_blocked, id=282, stack(0x00007ff71d7b3000,0x00007ff71d8b3000)]
  0x00007ff73015a270 JavaThread "Thread-70" [_thread_blocked, id=299, stack(0x00007ff71dfb3000,0x00007ff71e0b3000)]
  0x00007ff73017b460 JavaThread "Thread-74" [_thread_blocked, id=331, stack(0x00007ff776d00000,0x00007ff776e00000)]
  0x00007ff73015d610 JavaThread "Thread-77" [_thread_blocked, id=361, stack(0x00007ff776f00000,0x00007ff777000000)]
  0x00007ff730160590 JavaThread "Thread-90" [_thread_blocked, id=407, stack(0x00007ff774700000,0x00007ff774800000)]
  0x00007ff7301cb520 JavaThread "Thread-93" [_thread_blocked, id=418, stack(0x00007ff777800000,0x00007ff777900000)]
  0x00007ff7301d0510 JavaThread "Thread-94" [_thread_blocked, id=427, stack(0x00007ff75fd00000,0x00007ff75fe00000)]
  0x00007ff7301d7300 JavaThread "Thread-95" [_thread_blocked, id=436, stack(0x00007ff777100000,0x00007ff777200000)]
  0x00007ff73015e770 JavaThread "Thread-97" [_thread_blocked, id=494, stack(0x00007ff774300000,0x00007ff774400000)]

Other Threads:
  0x00007ff7cc0a1c30 VMThread "VM Thread" [stack: 0x00007ff7b20b0000,0x00007ff7b21b0000] [id=40] _threads_hazard_ptr=0x00007ff7340af6f0
  0x00007ff7cc129900 WatcherThread [stack: 0x00007ff7b081a000,0x00007ff7b091a000] [id=51]
  0x00007ff7cc03df50 GCTaskThread "GC Thread#0" [stack: 0x00007ff7d06d5000,0x00007ff7d07d5000] [id=39]

Threads with active compile tasks:
JVMCI-native CompilerThread0   214600 9730  s    4       org.eclipse.jdt.internal.core.search.processing.JobManager::awaitingJobsCount (21 bytes)

VM state: synchronizing (normal execution)

VM Mutex/Monitor currently owned by a thread:  ([mutex/lock_event])
[0x00007ff7cc023860] Threads_lock - owner thread: 0x00007ff7cc0a1c30
[0x00007ff7cc024010] Heap_lock - owner thread: 0x00007ff73015e770

OutOfMemory and StackOverflow Exception counts:
OutOfMemoryError java_heap_errors=4
LinkageErrors=54

Heap address: 0x00000000e0000000, size: 512 MB, Compressed Oops mode: 32-bit

CDS archive(s) mapped at: [0x0000000800000000-0x0000000800bc8000-0x0000000800bc8000), size 12353536, SharedBaseAddress: 0x0000000800000000, ArchiveRelocationMode: 0.
Compressed class space mapped at: 0x0000000800c00000-0x0000000840c00000, reserved size: 1073741824
Narrow klass base: 0x0000000800000000, Narrow klass shift: 0, Narrow klass range: 0x100000000

GC Precious Log:
 CPUs: 8 total, 1 available
 Memory: 1024M
 Large Page Support: Disabled
 NUMA Support: Disabled
 Compressed Oops: Enabled (32-bit)
 Alignments: Space 512K, Generation 512K, Heap 2M
 Heap Min Capacity: 100M
 Heap Initial Capacity: 100M
 Heap Max Capacity: 512M
 Pre-touch: Disabled
 Parallel Workers: 1

Heap:
 PSYoungGen      total 37376K, used 25599K [0x00000000f5580000, 0x00000000f8800000, 0x0000000100000000)
  eden space 25600K, 99% used [0x00000000f5580000,0x00000000f6e7ffe8,0x00000000f6e80000)
  from space 11776K, 0% used [0x00000000f7b00000,0x00000000f7b00000,0x00000000f8680000)
  to   space 12288K, 0% used [0x00000000f6e80000,0x00000000f6e80000,0x00000000f7a80000)
 ParOldGen       total 349696K, used 349695K [0x00000000e0000000, 0x00000000f5580000, 0x00000000f5580000)
  object space 349696K, 99% used [0x00000000e0000000,0x00000000f557ff78,0x00000000f5580000)
 Metaspace       used 60171K, committed 61184K, reserved 1105920K
  class space    used 5882K, committed 6336K, reserved 1048576K

Card table byte_map: [0x00007ff7d07d5000,0x00007ff7d08d6000] _byte_map_base: 0x00007ff7d00d5000

Marking Bits: (ParMarkBitMap*) 0x00007ff7d1f254c0
 Begin Bits: [0x00007ff7b24b3000, 0x00007ff7b2cb3000)
 End Bits:   [0x00007ff7b2cb3000, 0x00007ff7b34b3000)

Polling page: 0x00007ff7d0aef000

Metaspace:

Usage:
  Non-class:     53.02 MB used.
      Class:      5.74 MB used.
       Both:     58.76 MB used.

Virtual space:
  Non-class space:       56.00 MB reserved,      53.56 MB ( 96%) committed,  7 nodes.
      Class space:        1.00 GB reserved,       6.19 MB ( <1%) committed,  1 nodes.
             Both:        1.05 GB reserved,      59.75 MB (  6%) committed. 

Chunk freelists:
   Non-Class:  2.27 MB
       Class:  1.81 MB
        Both:  4.08 MB

MaxMetaspaceSize: unlimited
CompressedClassSpaceSize: 1.00 GB
Initial GC threshold: 21.00 MB
Current GC threshold: 99.62 MB
CDS: on
MetaspaceReclaimPolicy: balanced
 - commit_granule_bytes: 65536.
 - commit_granule_words: 8192.
 - virtual_space_node_default_size: 1048576.
 - enlarge_chunks_in_place: 1.
 - new_chunks_are_fully_committed: 0.
 - uncommit_free_chunks: 1.
 - use_allocation_guard: 0.
 - handle_deallocations: 1.


Internal statistics:

num_allocs_failed_limit: 6.
num_arena_births: 398.
num_arena_deaths: 70.
num_vsnodes_births: 8.
num_vsnodes_deaths: 0.
num_space_committed: 954.
num_space_uncommitted: 0.
num_chunks_returned_to_freelist: 94.
num_chunks_taken_from_freelist: 2716.
num_chunk_merges: 33.
num_chunk_splits: 1795.
num_chunks_enlarged: 1137.
num_purges: 4.
num_inconsistent_stats: 0.

CodeHeap 'non-profiled nmethods': size=120036Kb used=2508Kb max_used=2508Kb free=117527Kb
 bounds [0x00007ff7baf7a000, 0x00007ff7bb1fa000, 0x00007ff7c24b3000]
CodeHeap 'profiled nmethods': size=120032Kb used=16757Kb max_used=16840Kb free=103274Kb
 bounds [0x00007ff7b3a42000, 0x00007ff7b4ac2000, 0x00007ff7baf7a000]
CodeHeap 'non-nmethods': size=5692Kb used=1384Kb max_used=1405Kb free=4307Kb
 bounds [0x00007ff7b34b3000, 0x00007ff7b3723000, 0x00007ff7b3a42000]
 total_blobs=7678 nmethods=6965 adapters=625
 compilation: enabled
              stopped_count=0, restarted_count=0
 full_count=0

JVMCI Events (20 events):
Event: 97.077 Thread 0x00007ff7cc0b2200 compacted oop handles in JVMCI runtime 0 from 208 to 206
Event: 98.573 Thread 0x00007ff7cc0b2200 compacted oop handles in JVMCI runtime 0 from 209 to 207
Event: 100.094 Thread 0x00007ff7cc0b2200 compacted oop handles in JVMCI runtime 0 from 211 to 103
Event: 101.572 Thread 0x00007ff7cc0b2200 compacted oop handles in JVMCI runtime 0 from 115 to 111
Event: 120.789 Thread 0x00007ff7cc0b2200 compacted oop handles in JVMCI runtime 0 from 152 to 83
Event: 120.789 Thread 0x00007ff7cc0b2200 compacted oop handles in JVMCI runtime 0 from 88 to 87
Event: 127.403 Thread 0x00007ff7cc0b2200 compacted oop handles in JVMCI runtime 0 from 113 to 110
Event: 129.803 Thread 0x00007ff7cc0b2200 compacted oop handles in JVMCI runtime 0 from 121 to 82
Event: 131.376 Thread 0x00007ff7cc0b2200 compacted oop handles in JVMCI runtime 0 from 112 to 96
Event: 132.701 Thread 0x00007ff7cc0b2200 detaching from JVMCI runtime 0: releasing idle compiler thread (0 other threads still attached)
Event: 132.701 Thread 0x00007ff7cc0b2200 shutting down HotSpotJVMCIRuntime for JVMCI runtime 0
Event: 132.701 Thread 0x00007ff7cc0b2200 shut down JVMCI runtime 0
Event: 132.705 Thread 0x00007ff7cc0b2200 destroyed JavaVM[1]@0x00007ff77969e340 for JVMCI runtime 0
Event: 132.705 Thread 0x00007ff7cc0b2200 compacted oop handles in JVMCI runtime 0 from 99 to 99
Event: 132.705 Thread 0x00007ff7cc0b2200 releasing handles for JVMCI runtime 0: oop handles=99, metadata handles={total=1504, live=718, blocks=47}
Event: 132.705 Thread 0x00007ff7cc0b2200 detached from JVMCI runtime 0
Event: 155.006 Thread 0x00007ff7cc0b2200 attached to JVMCI runtime 0
Event: 155.007 Thread 0x00007ff7cc0b2200 created JavaVM[2]@0x00007ff71d29e340 for JVMCI runtime 0
Event: 157.680 Thread 0x00007ff7cc0b2200 initializing JVMCI runtime 0
Event: 157.680 Thread 0x00007ff7cc0b2200 done waiting for JavaVM references initialization in JVMCI runtime 0

Compilation events (20 events):
Event: 129.797 Thread 0x00007ff7cc0b2200 nmethod 8983 0x00007ff7bb1eb710 code [0x00007ff7bb1eb880, 0x00007ff7bb1eb8c0]
Event: 129.797 Thread 0x00007ff7cc0b2200 9081       4       org.eclipse.jdt.internal.compiler.lookup.FieldBinding::original (2 bytes)
Event: 129.797 Thread 0x00007ff7cc0b2200 nmethod 9081 0x00007ff7bb1eba10 code [0x00007ff7bb1ebb80, 0x00007ff7bb1ebbc0]
Event: 129.797 Thread 0x00007ff7cc0b2200 9073       4       org.eclipse.jdt.internal.compiler.lookup.ParameterizedMethodBinding::original (8 bytes)
Event: 129.798 Thread 0x00007ff7cc0b2200 nmethod 9073 0x00007ff7bb1ebd10 code [0x00007ff7bb1ebe80, 0x00007ff7bb1ebef0]
Event: 129.798 Thread 0x00007ff7cc0b2200 9215       4       org.eclipse.jdt.internal.compiler.parser.Scanner::getCurrentTokenEndPosition (7 bytes)
Event: 129.798 Thread 0x00007ff7cc0b2200 nmethod 9215 0x00007ff7bb1ec010 code [0x00007ff7bb1ec180, 0x00007ff7bb1ec1c8]
Event: 129.798 Thread 0x00007ff7cc0b2200 9010       4       org.eclipse.jdt.internal.compiler.env.ITypeAnnotationWalker$1::toField (2 bytes)
Event: 129.803 Thread 0x00007ff7cc0b2200 nmethod 9010 0x00007ff7bb1ec310 code [0x00007ff7bb1ec480, 0x00007ff7bb1ec4c0]
Event: 129.803 Thread 0x00007ff7cc0b2200 9029       4       org.eclipse.jdt.internal.compiler.env.ITypeAnnotationWalker$1::toThrows (2 bytes)
Event: 129.803 Thread 0x00007ff7cc0b2200 nmethod 9029 0x00007ff7bb1ec610 code [0x00007ff7bb1ec780, 0x00007ff7bb1ec7c0]
Event: 129.803 Thread 0x00007ff7cc0b2200 8139       4       sun.nio.fs.UnixFileSystemProvider::getPath (9 bytes)
Event: 131.376 Thread 0x00007ff7cc0b2200 nmethod 8139 0x00007ff7bb1ec910 code [0x00007ff7bb1ecaa0, 0x00007ff7bb1ecb10]
Event: 131.379 Thread 0x00007ff7cc0b2200 9399       4       org.eclipse.jdt.internal.compiler.flow.FlowInfo::reachMode (7 bytes)
Event: 131.380 Thread 0x00007ff7cc0b2200 nmethod 9399 0x00007ff7bb1ecc10 code [0x00007ff7bb1ecd80, 0x00007ff7bb1ecdc8]
Event: 131.380 Thread 0x00007ff7cc0b2200 9728       4       jdk.internal.misc.Unsafe::checkPointer (19 bytes)
Event: 131.381 Thread 0x00007ff7cc0b2200 nmethod 9728 0x00007ff7bb1ecf10 code [0x00007ff7bb1ed080, 0x00007ff7bb1ed100]
Event: 155.006 Thread 0x00007ff7cc0b2200 9730  s    4       org.eclipse.jdt.internal.core.search.processing.JobManager::awaitingJobsCount (21 bytes)
Event: 174.393 Thread 0x00007ff7cc0b3710 9731       3       org.eclipse.jdt.internal.core.JavaElement::getChildrenOfType (62 bytes)
Event: 175.687 Thread 0x00007ff7cc0b3710 nmethod 9731 0x00007ff7b45a6b90 code [0x00007ff7b45a6dc0, 0x00007ff7b45a7df0]

GC Heap History (20 events):
Event: 201.023 GC heap before
{Heap before GC invocations=238 (full 95):
 PSYoungGen      total 37376K, used 25599K [0x00000000f5580000, 0x00000000f8800000, 0x0000000100000000)
  eden space 25600K, 99% used [0x00000000f5580000,0x00000000f6e7fff0,0x00000000f6e80000)
  from space 11776K, 0% used [0x00000000f7b00000,0x00000000f7b00000,0x00000000f8680000)
  to   space 12288K, 0% used [0x00000000f6e80000,0x00000000f6e80000,0x00000000f7a80000)
 ParOldGen       total 349696K, used 349695K [0x00000000e0000000, 0x00000000f5580000, 0x00000000f5580000)
  object space 349696K, 99% used [0x00000000e0000000,0x00000000f557fff0,0x00000000f5580000)
 Metaspace       used 60171K, committed 61184K, reserved 1105920K
  class space    used 5882K, committed 6336K, reserved 1048576K
}
Event: 202.317 GC heap after
{Heap after GC invocations=238 (full 95):
 PSYoungGen      total 37888K, used 25599K [0x00000000f5580000, 0x00000000f8800000, 0x0000000100000000)
  eden space 25600K, 99% used [0x00000000f5580000,0x00000000f6e7fff0,0x00000000f6e80000)
  from space 12288K, 0% used [0x00000000f6e80000,0x00000000f6e80000,0x00000000f7a80000)
  to   space 11776K, 0% used [0x00000000f7b00000,0x00000000f7b00000,0x00000000f8680000)
 ParOldGen       total 349696K, used 349695K [0x00000000e0000000, 0x00000000f5580000, 0x00000000f5580000)
  object space 349696K, 99% used [0x00000000e0000000,0x00000000f557fff0,0x00000000f5580000)
 Metaspace       used 60171K, committed 61184K, reserved 1105920K
  class space    used 5882K, committed 6336K, reserved 1048576K
}
Event: 202.317 GC heap before
{Heap before GC invocations=239 (full 96):
 PSYoungGen      total 37888K, used 25599K [0x00000000f5580000, 0x00000000f8800000, 0x0000000100000000)
  eden space 25600K, 99% used [0x00000000f5580000,0x00000000f6e7fff0,0x00000000f6e80000)
  from space 12288K, 0% used [0x00000000f6e80000,0x00000000f6e80000,0x00000000f7a80000)
  to   space 11776K, 0% used [0x00000000f7b00000,0x00000000f7b00000,0x00000000f8680000)
 ParOldGen       total 349696K, used 349695K [0x00000000e0000000, 0x00000000f5580000, 0x00000000f5580000)
  object space 349696K, 99% used [0x00000000e0000000,0x00000000f557fff0,0x00000000f5580000)
 Metaspace       used 60171K, committed 61184K, reserved 1105920K
  class space    used 5882K, committed 6336K, reserved 1048576K
}
Event: 203.588 GC heap after
{Heap after GC invocations=239 (full 96):
 PSYoungGen      total 37376K, used 25599K [0x00000000f5580000, 0x00000000f8800000, 0x0000000100000000)
  eden space 25600K, 99% used [0x00000000f5580000,0x00000000f6e7fff0,0x00000000f6e80000)
  from space 11776K, 0% used [0x00000000f7b00000,0x00000000f7b00000,0x00000000f8680000)
  to   space 12288K, 0% used [0x00000000f6e80000,0x00000000f6e80000,0x00000000f7a80000)
 ParOldGen       total 349696K, used 349695K [0x00000000e0000000, 0x00000000f5580000, 0x00000000f5580000)
  object space 349696K, 99% used [0x00000000e0000000,0x00000000f557fff0,0x00000000f5580000)
 Metaspace       used 60171K, committed 61184K, reserved 1105920K
  class space    used 5882K, committed 6336K, reserved 1048576K
}
Event: 203.589 GC heap before
{Heap before GC invocations=240 (full 97):
 PSYoungGen      total 37376K, used 25599K [0x00000000f5580000, 0x00000000f8800000, 0x0000000100000000)
  eden space 25600K, 99% used [0x00000000f5580000,0x00000000f6e7fff0,0x00000000f6e80000)
  from space 11776K, 0% used [0x00000000f7b00000,0x00000000f7b00000,0x00000000f8680000)
  to   space 12288K, 0% used [0x00000000f6e80000,0x00000000f6e80000,0x00000000f7a80000)
 ParOldGen       total 349696K, used 349695K [0x00000000e0000000, 0x00000000f5580000, 0x00000000f5580000)
  object space 349696K, 99% used [0x00000000e0000000,0x00000000f557fff0,0x00000000f5580000)
 Metaspace       used 60171K, committed 61184K, reserved 1105920K
  class space    used 5882K, committed 6336K, reserved 1048576K
}
Event: 204.957 GC heap after
{Heap after GC invocations=240 (full 97):
 PSYoungGen      total 37888K, used 25599K [0x00000000f5580000, 0x00000000f8800000, 0x0000000100000000)
  eden space 25600K, 99% used [0x00000000f5580000,0x00000000f6e7fff0,0x00000000f6e80000)
  from space 12288K, 0% used [0x00000000f6e80000,0x00000000f6e80000,0x00000000f7a80000)
  to   space 11776K, 0% used [0x00000000f7b00000,0x00000000f7b00000,0x00000000f8680000)
 ParOldGen       total 349696K, used 349694K [0x00000000e0000000, 0x00000000f5580000, 0x00000000f5580000)
  object space 349696K, 99% used [0x00000000e0000000,0x00000000f557fa50,0x00000000f5580000)
 Metaspace       used 60171K, committed 61184K, reserved 1105920K
  class space    used 5882K, committed 6336K, reserved 1048576K
}
Event: 204.958 GC heap before
{Heap before GC invocations=241 (full 98):
 PSYoungGen      total 37888K, used 25600K [0x00000000f5580000, 0x00000000f8800000, 0x0000000100000000)
  eden space 25600K, 100% used [0x00000000f5580000,0x00000000f6e80000,0x00000000f6e80000)
  from space 12288K, 0% used [0x00000000f6e80000,0x00000000f6e80000,0x00000000f7a80000)
  to   space 11776K, 0% used [0x00000000f7b00000,0x00000000f7b00000,0x00000000f8680000)
 ParOldGen       total 349696K, used 349695K [0x00000000e0000000, 0x00000000f5580000, 0x00000000f5580000)
  object space 349696K, 99% used [0x00000000e0000000,0x00000000f557fc40,0x00000000f5580000)
 Metaspace       used 60171K, committed 61184K, reserved 1105920K
  class space    used 5882K, committed 6336K, reserved 1048576K
}
Event: 206.282 GC heap after
{Heap after GC invocations=241 (full 98):
 PSYoungGen      total 37376K, used 25599K [0x00000000f5580000, 0x00000000f8800000, 0x0000000100000000)
  eden space 25600K, 99% used [0x00000000f5580000,0x00000000f6e7ff98,0x00000000f6e80000)
  from space 11776K, 0% used [0x00000000f7b00000,0x00000000f7b00000,0x00000000f8680000)
  to   space 12288K, 0% used [0x00000000f6e80000,0x00000000f6e80000,0x00000000f7a80000)
 ParOldGen       total 349696K, used 349694K [0x00000000e0000000, 0x00000000f5580000, 0x00000000f5580000)
  object space 349696K, 99% used [0x00000000e0000000,0x00000000f557f898,0x00000000f5580000)
 Metaspace       used 60171K, committed 61184K, reserved 1105920K
  class space    used 5882K, committed 6336K, reserved 1048576K
}
Event: 206.293 GC heap before
{Heap before GC invocations=242 (full 99):
 PSYoungGen      total 37376K, used 25599K [0x00000000f5580000, 0x00000000f8800000, 0x0000000100000000)
  eden space 25600K, 99% used [0x00000000f5580000,0x00000000f6e7fff8,0x00000000f6e80000)
  from space 11776K, 0% used [0x00000000f7b00000,0x00000000f7b00000,0x00000000f8680000)
  to   space 12288K, 0% used [0x00000000f6e80000,0x00000000f6e80000,0x00000000f7a80000)
 ParOldGen       total 349696K, used 349694K [0x00000000e0000000, 0x00000000f5580000, 0x00000000f5580000)
  object space 349696K, 99% used [0x00000000e0000000,0x00000000f557f898,0x00000000f5580000)
 Metaspace       used 60171K, committed 61184K, reserved 1105920K
  class space    used 5882K, committed 6336K, reserved 1048576K
}
Event: 207.612 GC heap after
{Heap after GC invocations=242 (full 99):
 PSYoungGen      total 37888K, used 25599K [0x00000000f5580000, 0x00000000f8800000, 0x0000000100000000)
  eden space 25600K, 99% used [0x00000000f5580000,0x00000000f6e7ffd0,0x00000000f6e80000)
  from space 12288K, 0% used [0x00000000f6e80000,0x00000000f6e80000,0x00000000f7a80000)
  to   space 11776K, 0% used [0x00000000f7b00000,0x00000000f7b00000,0x00000000f8680000)
 ParOldGen       total 349696K, used 349694K [0x00000000e0000000, 0x00000000f5580000, 0x00000000f5580000)
  object space 349696K, 99% used [0x00000000e0000000,0x00000000f557f898,0x00000000f5580000)
 Metaspace       used 60171K, committed 61184K, reserved 1105920K
  class space    used 5882K, committed 6336K, reserved 1048576K
}
Event: 207.616 GC heap before
{Heap before GC invocations=243 (full 100):
 PSYoungGen      total 37888K, used 25600K [0x00000000f5580000, 0x00000000f8800000, 0x0000000100000000)
  eden space 25600K, 100% used [0x00000000f5580000,0x00000000f6e80000,0x00000000f6e80000)
  from space 12288K, 0% used [0x00000000f6e80000,0x00000000f6e80000,0x00000000f7a80000)
  to   space 11776K, 0% used [0x00000000f7b00000,0x00000000f7b00000,0x00000000f8680000)
 ParOldGen       total 349696K, used 349694K [0x00000000e0000000, 0x00000000f5580000, 0x00000000f5580000)
  object space 349696K, 99% used [0x00000000e0000000,0x00000000f557f898,0x00000000f5580000)
 Metaspace       used 60171K, committed 61184K, reserved 1105920K
  class space    used 5882K, committed 6336K, reserved 1048576K
}
Event: 209.073 GC heap after
{Heap after GC invocations=243 (full 100):
 PSYoungGen      total 37376K, used 25600K [0x00000000f5580000, 0x00000000f8800000, 0x0000000100000000)
  eden space 25600K, 100% used [0x00000000f5580000,0x00000000f6e80000,0x00000000f6e80000)
  from space 11776K, 0% used [0x00000000f7b00000,0x00000000f7b00000,0x00000000f8680000)
  to   space 12288K, 0% used [0x00000000f6e80000,0x00000000f6e80000,0x00000000f7a80000)
 ParOldGen       total 349696K, used 349694K [0x00000000e0000000, 0x00000000f5580000, 0x00000000f5580000)
  object space 349696K, 99% used [0x00000000e0000000,0x00000000f557f898,0x00000000f5580000)
 Metaspace       used 60171K, committed 61184K, reserved 1105920K
  class space    used 5882K, committed 6336K, reserved 1048576K
}
Event: 209.074 GC heap before
{Heap before GC invocations=244 (full 101):
 PSYoungGen      total 37376K, used 25600K [0x00000000f5580000, 0x00000000f8800000, 0x0000000100000000)
  eden space 25600K, 100% used [0x00000000f5580000,0x00000000f6e80000,0x00000000f6e80000)
  from space 11776K, 0% used [0x00000000f7b00000,0x00000000f7b00000,0x00000000f8680000)
  to   space 12288K, 0% used [0x00000000f6e80000,0x00000000f6e80000,0x00000000f7a80000)
 ParOldGen       total 349696K, used 349694K [0x00000000e0000000, 0x00000000f5580000, 0x00000000f5580000)
  object space 349696K, 99% used [0x00000000e0000000,0x00000000f557fad8,0x00000000f5580000)
 Metaspace       used 60171K, committed 61184K, reserved 1105920K
  class space    used 5882K, committed 6336K, reserved 1048576K
}
Event: 210.397 GC heap after
{Heap after GC invocations=244 (full 101):
 PSYoungGen      total 37888K, used 25599K [0x00000000f5580000, 0x00000000f8800000, 0x0000000100000000)
  eden space 25600K, 99% used [0x00000000f5580000,0x00000000f6e7ffe8,0x00000000f6e80000)
  from space 12288K, 0% used [0x00000000f6e80000,0x00000000f6e80000,0x00000000f7a80000)
  to   space 11776K, 0% used [0x00000000f7b00000,0x00000000f7b00000,0x00000000f8680000)
 ParOldGen       total 349696K, used 349694K [0x00000000e0000000, 0x00000000f5580000, 0x00000000f5580000)
  object space 349696K, 99% used [0x00000000e0000000,0x00000000f557fad8,0x00000000f5580000)
 Metaspace       used 60171K, committed 61184K, reserved 1105920K
  class space    used 5882K, committed 6336K, reserved 1048576K
}
Event: 210.397 GC heap before
{Heap before GC invocations=245 (full 102):
 PSYoungGen      total 37888K, used 25599K [0x00000000f5580000, 0x00000000f8800000, 0x0000000100000000)
  eden space 25600K, 99% used [0x00000000f5580000,0x00000000f6e7ffe8,0x00000000f6e80000)
  from space 12288K, 0% used [0x00000000f6e80000,0x00000000f6e80000,0x00000000f7a80000)
  to   space 11776K, 0% used [0x00000000f7b00000,0x00000000f7b00000,0x00000000f8680000)
 ParOldGen       total 349696K, used 349694K [0x00000000e0000000, 0x00000000f5580000, 0x00000000f5580000)
  object space 349696K, 99% used [0x00000000e0000000,0x00000000f557fad8,0x00000000f5580000)
 Metaspace       used 60171K, committed 61184K, reserved 1105920K
  class space    used 5882K, committed 6336K, reserved 1048576K
}
Event: 211.811 GC heap after
{Heap after GC invocations=245 (full 102):
 PSYoungGen      total 37376K, used 25599K [0x00000000f5580000, 0x00000000f8800000, 0x0000000100000000)
  eden space 25600K, 99% used [0x00000000f5580000,0x00000000f6e7ffe8,0x00000000f6e80000)
  from space 11776K, 0% used [0x00000000f7b00000,0x00000000f7b00000,0x00000000f8680000)
  to   space 12288K, 0% used [0x00000000f6e80000,0x00000000f6e80000,0x00000000f7a80000)
 ParOldGen       total 349696K, used 349694K [0x00000000e0000000, 0x00000000f5580000, 0x00000000f5580000)
  object space 349696K, 99% used [0x00000000e0000000,0x00000000f557fad8,0x00000000f5580000)
 Metaspace       used 60171K, committed 61184K, reserved 1105920K
  class space    used 5882K, committed 6336K, reserved 1048576K
}
Event: 211.812 GC heap before
{Heap before GC invocations=246 (full 103):
 PSYoungGen      total 37376K, used 25599K [0x00000000f5580000, 0x00000000f8800000, 0x0000000100000000)
  eden space 25600K, 99% used [0x00000000f5580000,0x00000000f6e7fff8,0x00000000f6e80000)
  from space 11776K, 0% used [0x00000000f7b00000,0x00000000f7b00000,0x00000000f8680000)
  to   space 12288K, 0% used [0x00000000f6e80000,0x00000000f6e80000,0x00000000f7a80000)
 ParOldGen       total 349696K, used 349694K [0x00000000e0000000, 0x00000000f5580000, 0x00000000f5580000)
  object space 349696K, 99% used [0x00000000e0000000,0x00000000f557faf8,0x00000000f5580000)
 Metaspace       used 60171K, committed 61184K, reserved 1105920K
  class space    used 5882K, committed 6336K, reserved 1048576K
}
Event: 213.178 GC heap after
{Heap after GC invocations=246 (full 103):
 PSYoungGen      total 37888K, used 25599K [0x00000000f5580000, 0x00000000f8800000, 0x0000000100000000)
  eden space 25600K, 99% used [0x00000000f5580000,0x00000000f6e7ffe8,0x00000000f6e80000)
  from space 12288K, 0% used [0x00000000f6e80000,0x00000000f6e80000,0x00000000f7a80000)
  to   space 11776K, 0% used [0x00000000f7b00000,0x00000000f7b00000,0x00000000f8680000)
 ParOldGen       total 349696K, used 349694K [0x00000000e0000000, 0x00000000f5580000, 0x00000000f5580000)
  object space 349696K, 99% used [0x00000000e0000000,0x00000000f557fad8,0x00000000f5580000)
 Metaspace       used 60171K, committed 61184K, reserved 1105920K
  class space    used 5882K, committed 6336K, reserved 1048576K
}
Event: 213.178 GC heap before
{Heap before GC invocations=247 (full 104):
 PSYoungGen      total 37888K, used 25599K [0x00000000f5580000, 0x00000000f8800000, 0x0000000100000000)
  eden space 25600K, 99% used [0x00000000f5580000,0x00000000f6e7ffe8,0x00000000f6e80000)
  from space 12288K, 0% used [0x00000000f6e80000,0x00000000f6e80000,0x00000000f7a80000)
  to   space 11776K, 0% used [0x00000000f7b00000,0x00000000f7b00000,0x00000000f8680000)
 ParOldGen       total 349696K, used 349694K [0x00000000e0000000, 0x00000000f5580000, 0x00000000f5580000)
  object space 349696K, 99% used [0x00000000e0000000,0x00000000f557fad8,0x00000000f5580000)
 Metaspace       used 60171K, committed 61184K, reserved 1105920K
  class space    used 5882K, committed 6336K, reserved 1048576K
}
Event: 214.490 GC heap after
{Heap after GC invocations=247 (full 104):
 PSYoungGen      total 37376K, used 25599K [0x00000000f5580000, 0x00000000f8800000, 0x0000000100000000)
  eden space 25600K, 99% used [0x00000000f5580000,0x00000000f6e7ffe8,0x00000000f6e80000)
  from space 11776K, 0% used [0x00000000f7b00000,0x00000000f7b00000,0x00000000f8680000)
  to   space 12288K, 0% used [0x00000000f6e80000,0x00000000f6e80000,0x00000000f7a80000)
 ParOldGen       total 349696K, used 349694K [0x00000000e0000000, 0x00000000f5580000, 0x00000000f5580000)
  object space 349696K, 99% used [0x00000000e0000000,0x00000000f557fad8,0x00000000f5580000)
 Metaspace       used 60171K, committed 61184K, reserved 1105920K
  class space    used 5882K, committed 6336K, reserved 1048576K
}

Dll operation events (9 events):
Event: 0.002 Loaded shared library /nix/store/gpxl5qgg8kicmcvivwmybwjlpf7wh20l-graalvm17-ce-22.3.0/lib/libjava.so
Event: 0.007 Loaded shared library /nix/store/gpxl5qgg8kicmcvivwmybwjlpf7wh20l-graalvm17-ce-22.3.0/lib/libjsvml.so
Event: 0.191 Loaded shared library /nix/store/gpxl5qgg8kicmcvivwmybwjlpf7wh20l-graalvm17-ce-22.3.0/lib/libnio.so
Event: 0.194 Loaded shared library /nix/store/gpxl5qgg8kicmcvivwmybwjlpf7wh20l-graalvm17-ce-22.3.0/lib/libjvmcicompiler.so
Event: 0.256 Loaded shared library /nix/store/gpxl5qgg8kicmcvivwmybwjlpf7wh20l-graalvm17-ce-22.3.0/lib/libzip.so
Event: 0.585 Loaded shared library /nix/store/gpxl5qgg8kicmcvivwmybwjlpf7wh20l-graalvm17-ce-22.3.0/lib/libjimage.so
Event: 1.089 Loaded shared library /nix/store/gpxl5qgg8kicmcvivwmybwjlpf7wh20l-graalvm17-ce-22.3.0/lib/libnet.so
Event: 4.875 Loaded shared library /home/runner/.cache/jdt-language-server/config/org.eclipse.equinox.launcher/org.eclipse.equinox.launcher.gtk.linux.x86_64_1.2.400.v20211117-0650/eclipse_11600.so
Event: 13.560 Loaded shared library /nix/store/gpxl5qgg8kicmcvivwmybwjlpf7wh20l-graalvm17-ce-22.3.0/lib/libextnet.so

Deoptimization events (20 events):
Event: 118.156 Thread 0x00007ff7cc3ac7b0 Uncommon trap: trap_request=0xffffffed fr.pc=0x00007ff7bb1e522b relative=0x000000000000018b
Event: 118.156 Thread 0x00007ff7cc3ac7b0 Uncommon trap: reason=null_assert_or_unreached0 action=reinterpret pc=0x00007ff7bb1e522b method=com.google.gson.stream.JsonReader.peek()Lcom/google/gson/stream/JsonToken; @ 14 jvmci
Event: 118.156 Thread 0x00007ff7cc3ac7b0 DEOPT PACKING pc=0x00007ff7bb1e522b sp=0x00007ff7777fddd0
Event: 118.156 Thread 0x00007ff7cc3ac7b0 DEOPT UNPACKING pc=0x00007ff7b3505325 sp=0x00007ff7777fd268 mode 3
Event: 171.804 Thread 0x00007ff7cc0b2200 Uncommon trap: trap_request=0xffffffcd fr.pc=0x00007ff7bb0e6586 relative=0x00000000000004c6
Event: 171.804 Thread 0x00007ff7cc0b2200 Uncommon trap: reason=intrinsic_or_type_checked_inlining action=reinterpret pc=0x00007ff7bb0e6586 method=java.io.DataOutputStream.writeInt(I)V @ 0 jvmci
Event: 171.804 Thread 0x00007ff7cc0b2200 DEOPT PACKING pc=0x00007ff7bb0e6586 sp=0x00007ff7b1018000
Event: 171.805 Thread 0x00007ff7cc0b2200 DEOPT UNPACKING pc=0x00007ff7b3505325 sp=0x00007ff7b10174d8 mode 3
Event: 199.614 Thread 0x00007ff7cc3ac7b0 Uncommon trap: trap_request=0xffffff8f fr.pc=0x00007ff7baffb865 relative=0x0000000000000145
Event: 199.614 Thread 0x00007ff7cc3ac7b0 Uncommon trap: reason=constraint action=none pc=0x00007ff7baffb865 method=java.lang.AbstractStringBuilder.<init>(I)V @ 0 jvmci
Event: 201.022 Thread 0x00007ff7cc3ac7b0 DEOPT PACKING pc=0x00007ff7baffb865 sp=0x00007ff7777fd700
Event: 201.022 Thread 0x00007ff7cc3ac7b0 DEOPT UNPACKING pc=0x00007ff7b3505325 sp=0x00007ff7777fcb98 mode 3
Event: 203.588 Thread 0x00007ff73015e770 Uncommon trap: trap_request=0xffffff8f fr.pc=0x00007ff7bb15ca9a relative=0x00000000000009da
Event: 203.588 Thread 0x00007ff73015e770 Uncommon trap: reason=constraint action=none pc=0x00007ff7bb15ca9a method=java.util.Hashtable.addEntry(ILjava/lang/Object;Ljava/lang/Object;I)V @ 42 jvmci
Event: 203.588 Thread 0x00007ff73015e770 DEOPT PACKING pc=0x00007ff7bb15ca9a sp=0x00007ff7743fdf30
Event: 203.588 Thread 0x00007ff73015e770 DEOPT UNPACKING pc=0x00007ff7b3505325 sp=0x00007ff7743fd358 mode 3
Event: 211.812 Thread 0x00007ff7604850d0 Uncommon trap: trap_request=0xffffff8f fr.pc=0x00007ff7bb1d3098 relative=0x00000000000011d8
Event: 211.812 Thread 0x00007ff7604850d0 Uncommon trap: reason=constraint action=none pc=0x00007ff7bb1d3098 method=org.eclipse.jdt.internal.core.index.DiskIndex.copyQueryResults(Lorg/eclipse/jdt/internal/compiler/util/HashtableOfObject;I)V @ 123 jvmci
Event: 214.490 Thread 0x00007ff7604850d0 DEOPT PACKING pc=0x00007ff7bb1d3098 sp=0x00007ff777ffe530
Event: 214.490 Thread 0x00007ff7604850d0 DEOPT UNPACKING pc=0x00007ff7b3505325 sp=0x00007ff777ffda28 mode 3

Classes unloaded (20 events):
Event: 91.589 Thread 0x00007ff7cc0a1c30 Unloading class 0x0000000800edc000 'jdk/internal/reflect/GeneratedConstructorAccessor8'
Event: 91.589 Thread 0x00007ff7cc0a1c30 Unloading class 0x0000000800d99000 'java/lang/invoke/LambdaForm$MH+0x0000000800d99000'
Event: 91.589 Thread 0x00007ff7cc0a1c30 Unloading class 0x0000000800d98c00 'java/lang/invoke/LambdaForm$MH+0x0000000800d98c00'
Event: 91.589 Thread 0x00007ff7cc0a1c30 Unloading class 0x0000000800d98800 'java/lang/invoke/LambdaForm$MH+0x0000000800d98800'
Event: 91.589 Thread 0x00007ff7cc0a1c30 Unloading class 0x0000000800d98400 'java/lang/invoke/LambdaForm$MH+0x0000000800d98400'
Event: 91.589 Thread 0x00007ff7cc0a1c30 Unloading class 0x0000000800d98000 'jdk/internal/reflect/GeneratedConstructorAccessor3'
Event: 91.589 Thread 0x00007ff7cc0a1c30 Unloading class 0x0000000800d06800 'java/lang/invoke/LambdaForm$MH+0x0000000800d06800'
Event: 91.589 Thread 0x00007ff7cc0a1c30 Unloading class 0x0000000800d06000 'java/lang/invoke/LambdaForm$MH+0x0000000800d06000'
Event: 91.589 Thread 0x00007ff7cc0a1c30 Unloading class 0x0000000800d05c00 'java/lang/invoke/LambdaForm$MH+0x0000000800d05c00'
Event: 91.589 Thread 0x00007ff7cc0a1c30 Unloading class 0x0000000800d05800 'java/lang/invoke/LambdaForm$MH+0x0000000800d05800'
Event: 91.589 Thread 0x00007ff7cc0a1c30 Unloading class 0x0000000800d05000 'java/lang/invoke/LambdaForm$MH+0x0000000800d05000'
Event: 91.589 Thread 0x00007ff7cc0a1c30 Unloading class 0x0000000800d04c00 'java/lang/invoke/LambdaForm$MH+0x0000000800d04c00'
Event: 91.589 Thread 0x00007ff7cc0a1c30 Unloading class 0x0000000800d04800 'java/lang/invoke/LambdaForm$MH+0x0000000800d04800'
Event: 91.589 Thread 0x00007ff7cc0a1c30 Unloading class 0x0000000800d04000 'java/lang/invoke/LambdaForm$MH+0x0000000800d04000'
Event: 91.589 Thread 0x00007ff7cc0a1c30 Unloading class 0x0000000800c1d000 'jdk/internal/reflect/GeneratedMethodAccessor5'
Event: 91.589 Thread 0x00007ff7cc0a1c30 Unloading class 0x0000000800c1cc00 'jdk/internal/reflect/GeneratedMethodAccessor4'
Event: 91.589 Thread 0x00007ff7cc0a1c30 Unloading class 0x0000000800c1c800 'jdk/internal/reflect/GeneratedMethodAccessor3'
Event: 91.589 Thread 0x00007ff7cc0a1c30 Unloading class 0x0000000800c1c400 'jdk/internal/reflect/GeneratedMethodAccessor2'
Event: 91.589 Thread 0x00007ff7cc0a1c30 Unloading class 0x0000000800c1c000 'jdk/internal/reflect/GeneratedMethodAccessor1'
Event: 91.589 Thread 0x00007ff7cc0a1c30 Unloading class 0x0000000800c01c00 'java/lang/invoke/LambdaForm$DMH+0x0000000800c01c00'

Classes redefined (0 events):
No events

Internal exceptions (20 events):
Event: 34.471 Thread 0x00007ff748007670 Exception <a 'sun/nio/fs/UnixException'{0x00000000f5672a48}> (0x00000000f5672a48) 
thrown [src/hotspot/share/prims/jni.cpp, line 516]
Event: 37.559 Thread 0x00007ff748007670 Exception <a 'sun/nio/fs/UnixException'{0x00000000f64a8960}> (0x00000000f64a8960) 
thrown [src/hotspot/share/prims/jni.cpp, line 516]
Event: 38.165 Thread 0x00007ff748007670 Exception <a 'sun/nio/fs/UnixException'{0x00000000f588d408}> (0x00000000f588d408) 
thrown [src/hotspot/share/prims/jni.cpp, line 516]
Event: 38.170 Thread 0x00007ff748007670 Exception <a 'sun/nio/fs/UnixException'{0x00000000f5b587f0}> (0x00000000f5b587f0) 
thrown [src/hotspot/share/prims/jni.cpp, line 516]
Event: 39.579 Thread 0x00007ff73015a270 Implicit null exception at 0x00007ff7bb11ba9e to 0x00007ff7bb11be2a
Event: 45.859 Thread 0x00007ff7301c9f00 Exception <a 'java/lang/NoSuchMethodError'{0x00000000f67f5e50}: 'int java.lang.invoke.DirectMethodHandle$Holder.invokeStatic(java.lang.Object, java.lang.Object, java.lang.Object, int)'> (0x00000000f67f5e50) 
thrown [src/hotspot/share/interpreter/linkResolver.cpp, line 758]
Event: 47.268 Thread 0x00007ff7301d1940 Implicit null exception at 0x00007ff7bb0cf3bf to 0x00007ff7bb0cf503
Event: 47.268 Thread 0x00007ff730160590 Implicit null exception at 0x00007ff7bb0cf3bf to 0x00007ff7bb0cf503
Event: 52.971 Thread 0x00007ff73017b460 Exception <a 'java/lang/NoSuchMethodError'{0x00000000f5caaf00}: 'java.lang.Object java.lang.invoke.DirectMethodHandle$Holder.invokeStatic(java.lang.Object, int, java.lang.Object, java.lang.Object, java.lang.Object, java.lang.Object)'> (0x00000000f5caaf00) 
thrown [src/hotspot/share/interpreter/linkResolver.cpp, line 758]
Event: 53.475 Thread 0x00007ff73015f6c0 Exception <a 'java/lang/NoSuchMethodError'{0x00000000f68c7b18}: 'void java.lang.invoke.DirectMethodHandle$Holder.invokeSpecial(java.lang.Object, java.lang.Object, int)'> (0x00000000f68c7b18) 
thrown [src/hotspot/share/interpreter/linkResolver.cpp, line 758]
Event: 53.475 Thread 0x00007ff73015e770 Exception <a 'java/lang/NoSuchMethodError'{0x00000000f68ddf20}: 'void java.lang.invoke.DirectMethodHandle$Holder.invokeSpecial(java.lang.Object, java.lang.Object, int)'> (0x00000000f68ddf20) 
thrown [src/hotspot/share/interpreter/linkResolver.cpp, line 758]
Event: 54.778 Thread 0x00007ff73017b460 Exception <a 'java/lang/NoSuchMethodError'{0x00000000f650c9e8}: 'int java.lang.invoke.DirectMethodHandle$Holder.invokeSpecialIFC(java.lang.Object, java.lang.Object, java.lang.Object, java.lang.Object)'> (0x00000000f650c9e8) 
thrown [src/hotspot/share/interpreter/linkResolver.cpp, line 758]
Event: 73.693 Thread 0x00007ff7604850d0 Implicit null exception at 0x00007ff7bb1a1266 to 0x00007ff7bb1a4ed2
Event: 199.614 Thread 0x00007ff7cc3ac7b0 Exception <a 'java/lang/OutOfMemoryError'{0x00000000e0004eb8}> (0x00000000e0004eb8) 
thrown [src/hotspot/share/gc/shared/memAllocator.cpp, line 138]
Event: 199.614 Thread 0x00007ff7cc3ac7b0 Implicit null exception at 0x00007ff7baffb837 to 0x00007ff7baffb84a
Event: 203.588 Thread 0x00007ff73015e770 Exception <a 'java/lang/OutOfMemoryError'{0x00000000e0004918}> (0x00000000e0004918) 
thrown [src/hotspot/share/gc/shared/memAllocator.cpp, line 138]
Event: 203.588 Thread 0x00007ff73015e770 Implicit null exception at 0x00007ff7bb15c5a6 to 0x00007ff7bb15ca7f
Event: 211.812 Thread 0x00007ff7604850d0 Exception <a 'java/lang/OutOfMemoryError'{0x00000000e0004378}> (0x00000000e0004378) 
thrown [src/hotspot/share/gc/shared/memAllocator.cpp, line 138]
Event: 211.812 Thread 0x00007ff7604850d0 Implicit null exception at 0x00007ff7bb1d2b0e to 0x00007ff7bb1d307d
Event: 214.491 Thread 0x00007ff7cc0b2200 Exception <a 'java/lang/OutOfMemoryError'{0x00000000e0004698}> (0x00000000e0004698) 
thrown [src/hotspot/share/gc/shared/memAllocator.cpp, line 136]

VM Operations (20 events):
Event: 195.569 Executing VM operation: ParallelGCFailedAllocation
Event: 196.888 Executing VM operation: ParallelGCFailedAllocation done
Event: 196.888 Executing VM operation: ParallelGCFailedAllocation
Event: 199.613 Executing VM operation: ParallelGCFailedAllocation done
Event: 199.614 Executing VM operation: ParallelGCFailedAllocation
Event: 201.022 Executing VM operation: ParallelGCFailedAllocation done
Event: 201.022 Executing VM operation: ParallelGCFailedAllocation
Event: 203.588 Executing VM operation: ParallelGCFailedAllocation done
Event: 203.588 Executing VM operation: ParallelGCFailedAllocation
Event: 204.958 Executing VM operation: ParallelGCFailedAllocation done
Event: 204.958 Executing VM operation: ParallelGCFailedAllocation
Event: 206.282 Executing VM operation: ParallelGCFailedAllocation done
Event: 206.287 Executing VM operation: ParallelGCFailedAllocation
Event: 207.613 Executing VM operation: ParallelGCFailedAllocation done
Event: 207.613 Executing VM operation: ParallelGCFailedAllocation
Event: 209.074 Executing VM operation: ParallelGCFailedAllocation done
Event: 209.074 Executing VM operation: ParallelGCFailedAllocation
Event: 211.811 Executing VM operation: ParallelGCFailedAllocation done
Event: 211.812 Executing VM operation: ParallelGCFailedAllocation
Event: 214.491 Executing VM operation: ParallelGCFailedAllocation done

Events (20 events):
Event: 80.277 Thread 0x00007ff7301d0510 Thread added: 0x00007ff7301d0510
Event: 80.277 Protecting memory [0x00007ff777100000,0x00007ff777104000] with protection modes 0
Event: 80.365 Thread 0x00007ff7301cb520 Thread added: 0x00007ff7301cb520
Event: 80.365 Thread 0x00007ff7301d0510 Thread exited: 0x00007ff7301d0510
Event: 80.365 Protecting memory [0x00007ff777800000,0x00007ff777804000] with protection modes 0
Event: 80.383 Thread 0x00007ff7301d7300 Thread exited: 0x00007ff7301d7300
Event: 83.458 Thread 0x00007ff7301d0510 Thread added: 0x00007ff7301d0510
Event: 83.458 Protecting memory [0x00007ff75fd00000,0x00007ff75fd04000] with protection modes 0
Event: 85.684 Thread 0x00007ff7301d7300 Thread added: 0x00007ff7301d7300
Event: 85.685 Protecting memory [0x00007ff777100000,0x00007ff777104000] with protection modes 0
Event: 87.514 Thread 0x00007ff73015e770 Thread added: 0x00007ff73015e770
Event: 87.515 Protecting memory [0x00007ff75f200000,0x00007ff75f204000] with protection modes 0
Event: 87.562 Thread 0x00007ff73015e770 Thread exited: 0x00007ff73015e770
Event: 100.079 Thread 0x00007ff750005950 Thread exited: 0x00007ff750005950
Event: 102.901 Thread 0x00007ff73015e770 Thread added: 0x00007ff73015e770
Event: 102.901 Protecting memory [0x00007ff774300000,0x00007ff774304000] with protection modes 0
Event: 108.310 Thread 0x00007ff760304e70 Thread exited: 0x00007ff760304e70
Event: 112.500 Thread 0x00007ff7480010d0 Thread exited: 0x00007ff7480010d0
Event: 112.500 Thread 0x00007ff73c001130 Thread exited: 0x00007ff73c001130
Event: 115.480 Thread 0x00007ff734000ff0 Thread exited: 0x00007ff734000ff0


Dynamic libraries:
e0000000-f5580000 rw-p 00000000 00:00 0 
f5580000-f8800000 rw-p 00000000 00:00 0 
f8800000-100000000 ---p 00000000 00:00 0 
800000000-800449000 rw-p 00001000 00:1054 4611686019135357769            /nix/store/gpxl5qgg8kicmcvivwmybwjlpf7wh20l-graalvm17-ce-22.3.0/lib/server/classes.jsa
800449000-800bc8000 r--p 0044a000 00:1054 4611686019135357769            /nix/store/gpxl5qgg8kicmcvivwmybwjlpf7wh20l-graalvm17-ce-22.3.0/lib/server/classes.jsa
800bc8000-800c00000 ---p 00000000 00:00 0 
800c00000-800c20000 rw-p 00000000 00:00 0 
800c20000-800c40000 rw-p 00000000 00:00 0 
800c40000-800cc0000 rw-p 00000000 00:00 0 
800cc0000-800d00000 rw-p 00000000 00:00 0 
800d00000-800dc0000 rw-p 00000000 00:00 0 
800dc0000-800e00000 rw-p 00000000 00:00 0 
800e00000-800f40000 rw-p 00000000 00:00 0 
800f40000-800fc0000 rw-p 00000000 00:00 0 
800fc0000-800ff0000 rw-p 00000000 00:00 0 
800ff0000-801000000 ---p 00000000 00:00 0 
801000000-801240000 rw-p 00000000 00:00 0 
801240000-840c00000 ---p 00000000 00:00 0 
55c40514e000-55c40514f000 r-xp 00000000 00:1054 4611686019099417844      /nix/store/gpxl5qgg8kicmcvivwmybwjlpf7wh20l-graalvm17-ce-22.3.0/bin/.java-wrapped
55c405150000-55c405151000 r--p 00001000 00:1054 4611686019099417844      /nix/store/gpxl5qgg8kicmcvivwmybwjlpf7wh20l-graalvm17-ce-22.3.0/bin/.java-wrapped
55c405151000-55c405152000 rw-p 00002000 00:1054 4611686019099417844      /nix/store/gpxl5qgg8kicmcvivwmybwjlpf7wh20l-graalvm17-ce-22.3.0/bin/.java-wrapped
55c405152000-55c405153000 rw-p 00004000 00:1054 4611686019099417844      /nix/store/gpxl5qgg8kicmcvivwmybwjlpf7wh20l-graalvm17-ce-22.3.0/bin/.java-wrapped
55c405153000-55c405154000 rw-p 00005000 00:1054 4611686019099417844      /nix/store/gpxl5qgg8kicmcvivwmybwjlpf7wh20l-graalvm17-ce-22.3.0/bin/.java-wrapped
55c405b1f000-55c405b67000 rw-p 00000000 00:00 0                          [heap]
7ff6df400000-7ff6df9d0000 rw-p 00000000 00:00 0 
7ff6df9d0000-7ff6dfc00000 ---p 00000000 00:00 0 
7ff6e0000000-7ff6e0040000 rw-p 00000000 00:00 0 
7ff6e0040000-7ff6e4000000 ---p 00000000 00:00 0 
7ff6e4000000-7ff6e4021000 rw-p 00000000 00:00 0 
7ff6e4021000-7ff6e8000000 ---p 00000000 00:00 0 
7ff6e8000000-7ff6e8021000 rw-p 00000000 00:00 0 
7ff6e8021000-7ff6ec000000 ---p 00000000 00:00 0 
7ff6ec000000-7ff6ec021000 rw-p 00000000 00:00 0 
7ff6ec021000-7ff6f0000000 ---p 00000000 00:00 0 
7ff6f0000000-7ff6f005d000 rw-p 00000000 00:00 0 
7ff6f005d000-7ff6f4000000 ---p 00000000 00:00 0 
7ff6f4000000-7ff6f40b4000 rw-p 00000000 00:00 0 
7ff6f40b4000-7ff6f8000000 ---p 00000000 00:00 0 
7ff6f8000000-7ff6f8056000 rw-p 00000000 00:00 0 
7ff6f8056000-7ff6fc000000 ---p 00000000 00:00 0 
7ff6fc000000-7ff6fc021000 rw-p 00000000 00:00 0 
7ff6fc021000-7ff700000000 ---p 00000000 00:00 0 
7ff700000000-7ff700021000 rw-p 00000000 00:00 0 
7ff700021000-7ff704000000 ---p 00000000 00:00 0 
7ff704000000-7ff704021000 rw-p 00000000 00:00 0 
7ff704021000-7ff708000000 ---p 00000000 00:00 0 
7ff708000000-7ff708021000 rw-p 00000000 00:00 0 
7ff708021000-7ff70c000000 ---p 00000000 00:00 0 
7ff70c000000-7ff70c032000 rw-p 00000000 00:00 0 
7ff70c032000-7ff710000000 ---p 00000000 00:00 0 
7ff710000000-7ff710087000 rw-p 00000000 00:00 0 
7ff710087000-7ff714000000 ---p 00000000 00:00 0 
7ff714000000-7ff714073000 rw-p 00000000 00:00 0 
7ff714073000-7ff718000000 ---p 00000000 00:00 0 
7ff718000000-7ff71803a000 rw-p 00000000 00:00 0 
7ff71803a000-7ff71c000000 ---p 00000000 00:00 0 
7ff71c600000-7ff71c700000 ---p 00000000 00:00 0 
7ff71c700000-7ff71ccaf000 r--p 01122000 00:1054 4611686019135190040      /nix/store/gpxl5qgg8kicmcvivwmybwjlpf7wh20l-graalvm17-ce-22.3.0/lib/libjvmcicompiler.so
7ff71ccaf000-7ff71ce00000 r--p 00000000 00:00 0 
7ff71ce00000-7ff71ce3d000 rw-p 00000000 00:00 0 
7ff71ce3d000-7ff71d35d000 rw-p 0185f000 00:1054 4611686019135190040      /nix/store/gpxl5qgg8kicmcvivwmybwjlpf7wh20l-graalvm17-ce-22.3.0/lib/libjvmcicompiler.so
7ff71d35d000-7ff71d744000 r--p 01d7f000 00:1054 4611686019135190040      /nix/store/gpxl5qgg8kicmcvivwmybwjlpf7wh20l-graalvm17-ce-22.3.0/lib/libjvmcicompiler.so
7ff71d7b3000-7ff71d7b7000 ---p 00000000 00:00 0 
7ff71d7b7000-7ff71d8b3000 rw-p 00000000 00:00 0 
7ff71dbb3000-7ff71dbb7000 ---p 00000000 00:00 0 
7ff71dbb7000-7ff71dcb3000 rw-p 00000000 00:00 0 
7ff71ddb3000-7ff71ddb7000 ---p 00000000 00:00 0 
7ff71ddb7000-7ff71deb3000 rw-p 00000000 00:00 0 
7ff71dfb3000-7ff71dfb7000 ---p 00000000 00:00 0 
7ff71dfb7000-7ff71e0b3000 rw-p 00000000 00:00 0 
7ff71e0b3000-7ff71e0b7000 ---p 00000000 00:00 0 
7ff71e0b7000-7ff71e1b3000 rw-p 00000000 00:00 0 
7ff71e1b3000-7ff71e1b7000 ---p 00000000 00:00 0 
7ff71e1b7000-7ff71e2b3000 rw-p 00000000 00:00 0 
7ff71e2b3000-7ff71e2b7000 ---p 00000000 00:00 0 
7ff71e2b7000-7ff71e3b3000 rw-p 00000000 00:00 0 
7ff71e3b3000-7ff71e3b7000 ---p 00000000 00:00 0 
7ff71e3b7000-7ff71e4b3000 rw-p 00000000 00:00 0 
7ff71e4b3000-7ff728000000 r--s 00000000 00:1054 4611686019135192581      /nix/store/gpxl5qgg8kicmcvivwmybwjlpf7wh20l-graalvm17-ce-22.3.0/lib/modules
7ff728000000-7ff728035000 rw-p 00000000 00:00 0 
7ff728035000-7ff72c000000 ---p 00000000 00:00 0 
7ff72c000000-7ff72c021000 rw-p 00000000 00:00 0 
7ff72c021000-7ff730000000 ---p 00000000 00:00 0 
7ff730000000-7ff7301db000 rw-p 00000000 00:00 0 
7ff7301db000-7ff734000000 ---p 00000000 00:00 0 
7ff734000000-7ff7340d7000 rw-p 00000000 00:00 0 
7ff7340d7000-7ff738000000 ---p 00000000 00:00 0 
7ff738000000-7ff738021000 rw-p 00000000 00:00 0 
7ff738021000-7ff73c000000 ---p 00000000 00:00 0 
7ff73c000000-7ff73c11b000 rw-p 00000000 00:00 0 
7ff73c11b000-7ff740000000 ---p 00000000 00:00 0 
7ff740000000-7ff74005a000 rw-p 00000000 00:00 0 
7ff74005a000-7ff744000000 ---p 00000000 00:00 0 
7ff744000000-7ff744021000 rw-p 00000000 00:00 0 
7ff744021000-7ff748000000 ---p 00000000 00:00 0 
7ff748000000-7ff748383000 rw-p 00000000 00:00 0 
7ff748383000-7ff74c000000 ---p 00000000 00:00 0 
7ff74c000000-7ff74c0aa000 rw-p 00000000 00:00 0 
7ff74c0aa000-7ff750000000 ---p 00000000 00:00 0 
7ff750000000-7ff750021000 rw-p 00000000 00:00 0 
7ff750021000-7ff754000000 ---p 00000000 00:00 0 
7ff754000000-7ff754021000 rw-p 00000000 00:00 0 
7ff754021000-7ff758000000 ---p 00000000 00:00 0 
7ff758000000-7ff758021000 rw-p 00000000 00:00 0 
7ff758021000-7ff75c004000 ---p 00000000 00:00 0 
7ff75c004000-7ff75c100000 rw-p 00000000 00:00 0 
7ff75c200000-7ff75c204000 ---p 00000000 00:00 0 
7ff75c204000-7ff75c300000 rw-p 00000000 00:00 0 
7ff75c400000-7ff75c404000 ---p 00000000 00:00 0 
7ff75c404000-7ff75c500000 rw-p 00000000 00:00 0 
7ff75c600000-7ff75c604000 ---p 00000000 00:00 0 
7ff75c604000-7ff75c700000 rw-p 00000000 00:00 0 
7ff75c800000-7ff75d000000 rw-p 00000000 00:00 0 
7ff75d000000-7ff75d400000 rw-p 00000000 00:00 0 
7ff75d400000-7ff75d500000 rw-p 00000000 00:00 0 
7ff75d500000-7ff75d5c0000 rw-p 00000000 00:00 0 
7ff75d5c0000-7ff75d600000 ---p 00000000 00:00 0 
7ff75d600000-7ff75d800000 rw-p 00000000 00:00 0 
7ff75d800000-7ff75d804000 ---p 00000000 00:00 0 
7ff75d804000-7ff75d900000 rw-p 00000000 00:00 0 
7ff75d900000-7ff75d904000 ---p 00000000 00:00 0 
7ff75d904000-7ff75da00000 rw-p 00000000 00:00 0 
7ff75da00000-7ff75da04000 ---p 00000000 00:00 0 
7ff75da04000-7ff75db00000 rw-p 00000000 00:00 0 
7ff75db00000-7ff75db04000 ---p 00000000 00:00 0 
7ff75db04000-7ff75dd00000 rw-p 00000000 00:00 0 
7ff75dd00000-7ff75df00000 rw-p 00000000 00:00 0 
7ff75df00000-7ff75e100000 rw-p 00000000 00:00 0 
7ff75e100000-7ff75e200000 rw-p 00000000 00:00 0 
7ff75e200000-7ff75e400000 rw-p 00000000 00:00 0 
7ff75e400000-7ff75e404000 ---p 00000000 00:00 0 
7ff75e404000-7ff75e500000 rw-p 00000000 00:00 0 
7ff75e500000-7ff75e504000 ---p 00000000 00:00 0 
7ff75e504000-7ff75e600000 rw-p 00000000 00:00 0 
7ff75e600000-7ff75e604000 ---p 00000000 00:00 0 
7ff75e604000-7ff75e700000 rw-p 00000000 00:00 0 
7ff75e700000-7ff75e704000 ---p 00000000 00:00 0 
7ff75e704000-7ff75e900000 rw-p 00000000 00:00 0 
7ff75e900000-7ff75ea00000 rw-p 00000000 00:00 0 
7ff75ea00000-7ff75ef00000 rw-p 00000000 00:00 0 
7ff75ef00000-7ff75f000000 rw-p 00000000 00:00 0 
7ff75f000000-7ff75f004000 ---p 00000000 00:00 0 
7ff75f004000-7ff75f100000 rw-p 00000000 00:00 0 
7ff75f100000-7ff75f104000 ---p 00000000 00:00 0 
7ff75f104000-7ff75f200000 rw-p 00000000 00:00 0 
7ff75f200000-7ff75f204000 ---p 00000000 00:00 0 
7ff75f204000-7ff75f300000 rw-p 00000000 00:00 0 
7ff75f300000-7ff75f304000 ---p 00000000 00:00 0 
7ff75f304000-7ff75f500000 rw-p 00000000 00:00 0 
7ff75f500000-7ff75f600000 rw-p 00000000 00:00 0 
7ff75f600000-7ff75f900000 rw-p 00000000 00:00 0 
7ff75f900000-7ff75fa00000 rw-p 00000000 00:00 0 
7ff75fa00000-7ff75fc00000 rw-p 00000000 00:00 0 
7ff75fc00000-7ff75fc04000 ---p 00000000 00:00 0 
7ff75fc04000-7ff75fd00000 rw-p 00000000 00:00 0 
7ff75fd00000-7ff75fd04000 ---p 00000000 00:00 0 
7ff75fd04000-7ff75fe00000 rw-p 00000000 00:00 0 
7ff75fe00000-7ff75fe04000 ---p 00000000 00:00 0 
7ff75fe04000-7ff75ff00000 rw-p 00000000 00:00 0 
7ff75ff00000-7ff75ff04000 ---p 00000000 00:00 0 
7ff75ff04000-7ff760000000 rw-p 00000000 00:00 0 
7ff760000000-7ff7608db000 rw-p 00000000 00:00 0 
7ff7608db000-7ff764000000 ---p 00000000 00:00 0 
7ff764000000-7ff764049000 rw-p 00000000 00:00 0 
7ff764049000-7ff768000000 ---p 00000000 00:00 0 
7ff768000000-7ff768021000 rw-p 00000000 00:00 0 
7ff768021000-7ff76c000000 ---p 00000000 00:00 0 
7ff76c000000-7ff76c021000 rw-p 00000000 00:00 0 
7ff76c021000-7ff770000000 ---p 00000000 00:00 0 
7ff770000000-7ff770044000 rw-p 00000000 00:00 0 
7ff770044000-7ff774004000 ---p 00000000 00:00 0 
7ff774004000-7ff774100000 rw-p 00000000 00:00 0 
7ff774100000-7ff774104000 ---p 00000000 00:00 0 
7ff774104000-7ff774200000 rw-p 00000000 00:00 0 
7ff774200000-7ff774204000 ---p 00000000 00:00 0 
7ff774204000-7ff774300000 rw-p 00000000 00:00 0 
7ff774300000-7ff774304000 ---p 00000000 00:00 0 
7ff774304000-7ff774400000 rw-p 00000000 00:00 0 
7ff774500000-7ff774504000 ---p 00000000 00:00 0 
7ff774504000-7ff774600000 rw-p 00000000 00:00 0 
7ff774700000-7ff774704000 ---p 00000000 00:00 0 
7ff774704000-7ff774800000 rw-p 00000000 00:00 0 
7ff774900000-7ff774904000 ---p 00000000 00:00 0 
7ff774904000-7ff774a00000 rw-p 00000000 00:00 0 
7ff774a00000-7ff774a10000 r-xp 00000000 00:1032 355                      /home/runner/.cache/jdt-language-server/config/org.eclipse.equinox.launcher/org.eclipse.equinox.launcher.gtk.linux.x86_64_1.2.400.v20211117-0650/eclipse_11600.so
7ff774a10000-7ff774c0f000 ---p 00010000 00:1032 355                      /home/runner/.cache/jdt-language-server/config/org.eclipse.equinox.launcher/org.eclipse.equinox.launcher.gtk.linux.x86_64_1.2.400.v20211117-0650/eclipse_11600.so
7ff774c0f000-7ff774c10000 r--p 0000f000 00:1032 355                      /home/runner/.cache/jdt-language-server/config/org.eclipse.equinox.launcher/org.eclipse.equinox.launcher.gtk.linux.x86_64_1.2.400.v20211117-0650/eclipse_11600.so
7ff774c10000-7ff774c11000 rw-p 00010000 00:1032 355                      /home/runner/.cache/jdt-language-server/config/org.eclipse.equinox.launcher/org.eclipse.equinox.launcher.gtk.linux.x86_64_1.2.400.v20211117-0650/eclipse_11600.so
7ff775300000-7ff775304000 ---p 00000000 00:00 0 
7ff775304000-7ff775400000 rw-p 00000000 00:00 0 
7ff775500000-7ff775504000 ---p 00000000 00:00 0 
7ff775504000-7ff775600000 rw-p 00000000 00:00 0 
7ff775700000-7ff775704000 ---p 00000000 00:00 0 
7ff775704000-7ff775800000 rw-p 00000000 00:00 0 
7ff775900000-7ff775904000 ---p 00000000 00:00 0 
7ff775904000-7ff775a00000 rw-p 00000000 00:00 0 
7ff775a00000-7ff775a04000 ---p 00000000 00:00 0 
7ff775a04000-7ff775b00000 rw-p 00000000 00:00 0 
7ff775b00000-7ff775b04000 ---p 00000000 00:00 0 
7ff775b04000-7ff775c00000 rw-p 00000000 00:00 0 
7ff776300000-7ff776304000 ---p 00000000 00:00 0 
7ff776304000-7ff776400000 rw-p 00000000 00:00 0 
7ff776500000-7ff776504000 ---p 00000000 00:00 0 
7ff776504000-7ff776600000 rw-p 00000000 00:00 0 
7ff776700000-7ff776704000 ---p 00000000 00:00 0 
7ff776704000-7ff776800000 rw-p 00000000 00:00 0 
7ff776900000-7ff776904000 ---p 00000000 00:00 0 
7ff776904000-7ff776a00000 rw-p 00000000 00:00 0 
7ff776b00000-7ff776b04000 ---p 00000000 00:00 0 
7ff776b04000-7ff776c00000 rw-p 00000000 00:00 0 
7ff776d00000-7ff776d04000 ---p 00000000 00:00 0 
7ff776d04000-7ff776e00000 rw-p 00000000 00:00 0 
7ff776f00000-7ff776f04000 ---p 00000000 00:00 0 
7ff776f04000-7ff777000000 rw-p 00000000 00:00 0 
7ff777100000-7ff777104000 ---p 00000000 00:00 0 
7ff777104000-7ff777200000 rw-p 00000000 00:00 0 
7ff777300000-7ff777304000 ---p 00000000 00:00 0 
7ff777304000-7ff777400000 rw-p 00000000 00:00 0 
7ff777500000-7ff777504000 ---p 00000000 00:00 0 
7ff777504000-7ff777600000 rw-p 00000000 00:00 0 
7ff777700000-7ff777704000 ---p 00000000 00:00 0 
7ff777704000-7ff777800000 rw-p 00000000 00:00 0 
7ff777800000-7ff777804000 ---p 00000000 00:00 0 
7ff777804000-7ff777900000 rw-p 00000000 00:00 0 
7ff777900000-7ff777904000 ---p 00000000 00:00 0 
7ff777904000-7ff777a00000 rw-p 00000000 00:00 0 
7ff777b00000-7ff777b04000 ---p 00000000 00:00 0 
7ff777b04000-7ff777c00000 rw-p 00000000 00:00 0 
7ff777d00000-7ff777d04000 ---p 00000000 00:00 0 
7ff777d04000-7ff777e00000 rw-p 00000000 00:00 0 
7ff777f00000-7ff777f04000 ---p 00000000 00:00 0 
7ff777f04000-7ff778000000 rw-p 00000000 00:00 0 
7ff778100000-7ff778104000 ---p 00000000 00:00 0 
7ff778104000-7ff778200000 rw-p 00000000 00:00 0 
7ff778200000-7ff778204000 ---p 00000000 00:00 0 
7ff778204000-7ff778300000 rw-p 00000000 00:00 0 
7ff778300000-7ff778304000 ---p 00000000 00:00 0 
7ff778304000-7ff778400000 rw-p 00000000 00:00 0 
7ff778500000-7ff778504000 ---p 00000000 00:00 0 
7ff778504000-7ff778600000 rw-p 00000000 00:00 0 
7ff778700000-7ff778704000 ---p 00000000 00:00 0 
7ff778704000-7ff778800000 rw-p 00000000 00:00 0 
7ff778900000-7ff778904000 ---p 00000000 00:00 0 
7ff778904000-7ff778a00000 rw-p 00000000 00:00 0 
7ff779668000-7ff779b00000 rw-p 00000000 00:00 0 
7ff779c00000-7ff77bd6a000 r-xp 00000000 00:1054 4611686019135190040      /nix/store/gpxl5qgg8kicmcvivwmybwjlpf7wh20l-graalvm17-ce-22.3.0/lib/libjvmcicompiler.so
7ff77bd6a000-7ff77bf69000 ---p 0216a000 00:1054 4611686019135190040      /nix/store/gpxl5qgg8kicmcvivwmybwjlpf7wh20l-graalvm17-ce-22.3.0/lib/libjvmcicompiler.so
7ff77bf69000-7ff77bf6a000 r--p 02169000 00:1054 4611686019135190040      /nix/store/gpxl5qgg8kicmcvivwmybwjlpf7wh20l-graalvm17-ce-22.3.0/lib/libjvmcicompiler.so
7ff77bf6a000-7ff77bf6c000 rw-p 0216a000 00:1054 4611686019135190040      /nix/store/gpxl5qgg8kicmcvivwmybwjlpf7wh20l-graalvm17-ce-22.3.0/lib/libjvmcicompiler.so
7ff77bf6c000-7ff77bf6d000 rw-p 00000000 00:00 0 
7ff77bf6d000-7ff77bf72000 rw-p 023c3000 00:1054 4611686019135190040      /nix/store/gpxl5qgg8kicmcvivwmybwjlpf7wh20l-graalvm17-ce-22.3.0/lib/libjvmcicompiler.so
7ff77c000000-7ff77c021000 rw-p 00000000 00:00 0 
7ff77c021000-7ff780000000 ---p 00000000 00:00 0 
7ff780000000-7ff780021000 rw-p 00000000 00:00 0 
7ff780021000-7ff784000000 ---p 00000000 00:00 0 
7ff784000000-7ff7840c2000 rw-p 00000000 00:00 0 
7ff7840c2000-7ff788000000 ---p 00000000 00:00 0 
7ff788000000-7ff788021000 rw-p 00000000 00:00 0 
7ff788021000-7ff78c000000 ---p 00000000 00:00 0 
7ff78c000000-7ff78c0f2000 rw-p 00000000 00:00 0 
7ff78c0f2000-7ff790000000 ---p 00000000 00:00 0 
7ff790000000-7ff790b14000 rw-p 00000000 00:00 0 
7ff790b14000-7ff794000000 ---p 00000000 00:00 0 
7ff794000000-7ff794021000 rw-p 00000000 00:00 0 
7ff794021000-7ff798000000 ---p 00000000 00:00 0 
7ff798000000-7ff798021000 rw-p 00000000 00:00 0 
7ff798021000-7ff79c000000 ---p 00000000 00:00 0 
7ff79c000000-7ff79c021000 rw-p 00000000 00:00 0 
7ff79c021000-7ff7a0000000 ---p 00000000 00:00 0 
7ff7a0000000-7ff7a0021000 rw-p 00000000 00:00 0 
7ff7a0021000-7ff7a4000000 ---p 00000000 00:00 0 
7ff7a4000000-7ff7a4021000 rw-p 00000000 00:00 0 
7ff7a4021000-7ff7a8000000 ---p 00000000 00:00 0 
7ff7a8000000-7ff7a8021000 rw-p 00000000 00:00 0 
7ff7a8021000-7ff7ac000000 ---p 00000000 00:00 0 
7ff7ac000000-7ff7ac06c000 rw-p 00000000 00:00 0 
7ff7ac06c000-7ff7b0000000 ---p 00000000 00:00 0 
7ff7b0000000-7ff7b0004000 ---p 00000000 00:00 0 
7ff7b0004000-7ff7b0100000 rw-p 00000000 00:00 0 
7ff7b0200000-7ff7b0204000 ---p 00000000 00:00 0 
7ff7b0204000-7ff7b0300000 rw-p 00000000 00:00 0 
7ff7b0400000-7ff7b0404000 ---p 00000000 00:00 0 
7ff7b0404000-7ff7b0500000 rw-p 00000000 00:00 0 
7ff7b0600000-7ff7b0604000 ---p 00000000 00:00 0 
7ff7b0604000-7ff7b0700000 rw-p 00000000 00:00 0 
7ff7b0818000-7ff7b0819000 ---p 00000000 00:00 0 
7ff7b0819000-7ff7b091a000 rw-p 00000000 00:00 0 
7ff7b091a000-7ff7b091e000 ---p 00000000 00:00 0 
7ff7b091e000-7ff7b0a1a000 rw-p 00000000 00:00 0 
7ff7b0a1a000-7ff7b0a1e000 ---p 00000000 00:00 0 
7ff7b0a1e000-7ff7b0b1a000 rw-p 00000000 00:00 0 
7ff7b0b1a000-7ff7b0b1e000 ---p 00000000 00:00 0 
7ff7b0b1e000-7ff7b0c1a000 rw-p 00000000 00:00 0 
7ff7b0c1a000-7ff7b0c1e000 ---p 00000000 00:00 0 
7ff7b0c1e000-7ff7b0e1a000 rw-p 00000000 00:00 0 
7ff7b0e1a000-7ff7b0e1e000 ---p 00000000 00:00 0 
7ff7b0e1e000-7ff7b101a000 rw-p 00000000 00:00 0 
7ff7b101a000-7ff7b101e000 ---p 00000000 00:00 0 
7ff7b101e000-7ff7b111a000 rw-p 00000000 00:00 0 
7ff7b111a000-7ff7b111e000 ---p 00000000 00:00 0 
7ff7b111e000-7ff7b121a000 rw-p 00000000 00:00 0 
7ff7b121a000-7ff7b121e000 ---p 00000000 00:00 0 
7ff7b121e000-7ff7b131a000 rw-p 00000000 00:00 0 
7ff7b131a000-7ff7b1600000 r--p 00000000 00:9b0 28444448                  /usr/lib/locale/locale-archive
7ff7b1600000-7ff7b1604000 ---p 00000000 00:00 0 
7ff7b1604000-7ff7b1700000 rw-p 00000000 00:00 0 
7ff7b1700000-7ff7b1704000 ---p 00000000 00:00 0 
7ff7b1704000-7ff7b1c00000 rw-p 00000000 00:00 0 
7ff7b1c00000-7ff7b1f00000 rw-p 00000000 00:00 0 
7ff7b1f00000-7ff7b2000000 rw-p 00000000 00:00 0 
7ff7b2071000-7ff7b2075000 ---p 00000000 00:00 0 
7ff7b2075000-7ff7b2093000 rw-p 00000000 00:00 0 
7ff7b2093000-7ff7b20a8000 r-xp 00000000 00:1054 4611686019135192570      /nix/store/gpxl5qgg8kicmcvivwmybwjlpf7wh20l-graalvm17-ce-22.3.0/lib/libnet.so
7ff7b20a8000-7ff7b20a9000 ---p 00015000 00:1054 4611686019135192570      /nix/store/gpxl5qgg8kicmcvivwmybwjlpf7wh20l-graalvm17-ce-22.3.0/lib/libnet.so
7ff7b20a9000-7ff7b20aa000 r--p 00015000 00:1054 4611686019135192570      /nix/store/gpxl5qgg8kicmcvivwmybwjlpf7wh20l-graalvm17-ce-22.3.0/lib/libnet.so
7ff7b20aa000-7ff7b20ab000 rw-p 00016000 00:1054 4611686019135192570      /nix/store/gpxl5qgg8kicmcvivwmybwjlpf7wh20l-graalvm17-ce-22.3.0/lib/libnet.so
7ff7b20ab000-7ff7b20ae000 rw-p 0001b000 00:1054 4611686019135192570      /nix/store/gpxl5qgg8kicmcvivwmybwjlpf7wh20l-graalvm17-ce-22.3.0/lib/libnet.so
7ff7b20ae000-7ff7b20af000 ---p 00000000 00:00 0 
7ff7b20af000-7ff7b34b3000 rw-p 00000000 00:00 0 
7ff7b34b3000-7ff7b3723000 rwxp 00000000 00:00 0 
7ff7b3723000-7ff7b3a42000 ---p 00000000 00:00 0 
7ff7b3a42000-7ff7b4ac2000 rwxp 00000000 00:00 0 
7ff7b4ac2000-7ff7baf7a000 ---p 00000000 00:00 0 
7ff7baf7a000-7ff7bb1fa000 rwxp 00000000 00:00 0 
7ff7bb1fa000-7ff7c24b3000 ---p 00000000 00:00 0 
7ff7c24b3000-7ff7cc000000 r--s 00000000 00:1054 4611686019135192581      /nix/store/gpxl5qgg8kicmcvivwmybwjlpf7wh20l-graalvm17-ce-22.3.0/lib/modules
7ff7cc000000-7ff7cc63b000 rw-p 00000000 00:00 0 
7ff7cc63b000-7ff7d0000000 ---p 00000000 00:00 0 
7ff7d0003000-7ff7d0005000 r-xp 00000000 00:1054 4611686019135190017      /nix/store/gpxl5qgg8kicmcvivwmybwjlpf7wh20l-graalvm17-ce-22.3.0/lib/libextnet.so
7ff7d0005000-7ff7d0006000 r--p 00001000 00:1054 4611686019135190017      /nix/store/gpxl5qgg8kicmcvivwmybwjlpf7wh20l-graalvm17-ce-22.3.0/lib/libextnet.so
7ff7d0006000-7ff7d0007000 rw-p 00002000 00:1054 4611686019135190017      /nix/store/gpxl5qgg8kicmcvivwmybwjlpf7wh20l-graalvm17-ce-22.3.0/lib/libextnet.so
7ff7d0007000-7ff7d0008000 rw-p 00004000 00:1054 4611686019135190017      /nix/store/gpxl5qgg8kicmcvivwmybwjlpf7wh20l-graalvm17-ce-22.3.0/lib/libextnet.so
7ff7d0008000-7ff7d000f000 r-xp 00000000 00:1054 4611686019135192580      /nix/store/gpxl5qgg8kicmcvivwmybwjlpf7wh20l-graalvm17-ce-22.3.0/lib/libzip.so
7ff7d000f000-7ff7d0010000 ---p 00007000 00:1054 4611686019135192580      /nix/store/gpxl5qgg8kicmcvivwmybwjlpf7wh20l-graalvm17-ce-22.3.0/lib/libzip.so
7ff7d0010000-7ff7d0011000 r--p 00007000 00:1054 4611686019135192580      /nix/store/gpxl5qgg8kicmcvivwmybwjlpf7wh20l-graalvm17-ce-22.3.0/lib/libzip.so
7ff7d0011000-7ff7d0012000 rw-p 00008000 00:1054 4611686019135192580      /nix/store/gpxl5qgg8kicmcvivwmybwjlpf7wh20l-graalvm17-ce-22.3.0/lib/libzip.so
7ff7d0012000-7ff7d0014000 rw-p 0000b000 00:1054 4611686019135192580      /nix/store/gpxl5qgg8kicmcvivwmybwjlpf7wh20l-graalvm17-ce-22.3.0/lib/libzip.so
7ff7d0014000-7ff7d0027000 r-xp 00000000 00:1054 4611686019135192571      /nix/store/gpxl5qgg8kicmcvivwmybwjlpf7wh20l-graalvm17-ce-22.3.0/lib/libnio.so
7ff7d0027000-7ff7d0028000 r--p 00012000 00:1054 4611686019135192571      /nix/store/gpxl5qgg8kicmcvivwmybwjlpf7wh20l-graalvm17-ce-22.3.0/lib/libnio.so
7ff7d0028000-7ff7d0029000 rw-p 00013000 00:1054 4611686019135192571      /nix/store/gpxl5qgg8kicmcvivwmybwjlpf7wh20l-graalvm17-ce-22.3.0/lib/libnio.so
7ff7d0029000-7ff7d002e000 rw-p 00019000 00:1054 4611686019135192571      /nix/store/gpxl5qgg8kicmcvivwmybwjlpf7wh20l-graalvm17-ce-22.3.0/lib/libnio.so
7ff7d002e000-7ff7d00fc000 r-xp 00000000 00:1054 4611686019135190036      /nix/store/gpxl5qgg8kicmcvivwmybwjlpf7wh20l-graalvm17-ce-22.3.0/lib/libjsvml.so
7ff7d00fc000-7ff7d00fd000 r--p 000cd000 00:1054 4611686019135190036      /nix/store/gpxl5qgg8kicmcvivwmybwjlpf7wh20l-graalvm17-ce-22.3.0/lib/libjsvml.so
7ff7d00fd000-7ff7d00fe000 rw-p 000ce000 00:1054 4611686019135190036      /nix/store/gpxl5qgg8kicmcvivwmybwjlpf7wh20l-graalvm17-ce-22.3.0/lib/libjsvml.so
7ff7d00fe000-7ff7d06d3000 rw-p 00000000 00:00 0 
7ff7d06d3000-7ff7d06d4000 ---p 00000000 00:00 0 
7ff7d06d4000-7ff7d087f000 rw-p 00000000 00:00 0 
7ff7d087f000-7ff7d0899000 rw-p 00000000 00:00 0 
7ff7d0899000-7ff7d08d5000 ---p 00000000 00:00 0 
7ff7d08d5000-7ff7d08db000 rw-p 00000000 00:00 0 
7ff7d08db000-7ff7d09c1000 ---p 00000000 00:00 0 
7ff7d09c1000-7ff7d09e2000 rw-p 00000000 00:00 0 
7ff7d09e2000-7ff7d0aac000 ---p 00000000 00:00 0 
7ff7d0aac000-7ff7d0ab1000 rw-p 00000000 00:00 0 
7ff7d0ab1000-7ff7d0ab8000 ---p 00000000 00:00 0 
7ff7d0ab8000-7ff7d0adc000 r-xp 00000000 00:1054 4611686019135190028      /nix/store/gpxl5qgg8kicmcvivwmybwjlpf7wh20l-graalvm17-ce-22.3.0/lib/libjava.so
7ff7d0adc000-7ff7d0add000 ---p 00024000 00:1054 4611686019135190028      /nix/store/gpxl5qgg8kicmcvivwmybwjlpf7wh20l-graalvm17-ce-22.3.0/lib/libjava.so
7ff7d0add000-7ff7d0ade000 r--p 00024000 00:1054 4611686019135190028      /nix/store/gpxl5qgg8kicmcvivwmybwjlpf7wh20l-graalvm17-ce-22.3.0/lib/libjava.so
7ff7d0ade000-7ff7d0adf000 rw-p 00025000 00:1054 4611686019135190028      /nix/store/gpxl5qgg8kicmcvivwmybwjlpf7wh20l-graalvm17-ce-22.3.0/lib/libjava.so
7ff7d0adf000-7ff7d0ae0000 rw-p 00000000 00:00 0 
7ff7d0ae0000-7ff7d0ae7000 rw-p 0002f000 00:1054 4611686019135190028      /nix/store/gpxl5qgg8kicmcvivwmybwjlpf7wh20l-graalvm17-ce-22.3.0/lib/libjava.so
7ff7d0ae7000-7ff7d0aef000 rw-s 00000000 00:d5 352                        /tmp/hsperfdata_runner/32
7ff7d0aef000-7ff7d0af0000 ---p 00000000 00:00 0 
7ff7d0af0000-7ff7d0af1000 r--p 00000000 00:00 0 
7ff7d0af1000-7ff7d0af2000 rwxp 00000000 00:00 0 
7ff7d0af2000-7ff7d0b0d000 r-xp 00000000 00:1054 4611686019135190032      /nix/store/gpxl5qgg8kicmcvivwmybwjlpf7wh20l-graalvm17-ce-22.3.0/lib/libjimage.so
7ff7d0b0d000-7ff7d0b0e000 ---p 0001b000 00:1054 4611686019135190032      /nix/store/gpxl5qgg8kicmcvivwmybwjlpf7wh20l-graalvm17-ce-22.3.0/lib/libjimage.so
7ff7d0b0e000-7ff7d0b10000 r--p 0001b000 00:1054 4611686019135190032      /nix/store/gpxl5qgg8kicmcvivwmybwjlpf7wh20l-graalvm17-ce-22.3.0/lib/libjimage.so
7ff7d0b10000-7ff7d0b11000 rw-p 0001d000 00:1054 4611686019135190032      /nix/store/gpxl5qgg8kicmcvivwmybwjlpf7wh20l-graalvm17-ce-22.3.0/lib/libjimage.so
7ff7d0b11000-7ff7d0b12000 rw-p 00024000 00:1054 4611686019135190032      /nix/store/gpxl5qgg8kicmcvivwmybwjlpf7wh20l-graalvm17-ce-22.3.0/lib/libjimage.so
7ff7d0b12000-7ff7d0b16000 ---p 00000000 00:00 0 
7ff7d0b16000-7ff7d0c12000 rw-p 00000000 00:00 0 
7ff7d0c12000-7ff7d0c20000 r--p 00000000 00:1054 4611686019027979927      /nix/store/4nlgxhb09sdr51nc9hdm8az5b08vzkgx-glibc-2.35-163/lib/libm.so.6
7ff7d0c20000-7ff7d0c93000 r-xp 0000e000 00:1054 4611686019027979927      /nix/store/4nlgxhb09sdr51nc9hdm8az5b08vzkgx-glibc-2.35-163/lib/libm.so.6
7ff7d0c93000-7ff7d0cf0000 r--p 00081000 00:1054 4611686019027979927      /nix/store/4nlgxhb09sdr51nc9hdm8az5b08vzkgx-glibc-2.35-163/lib/libm.so.6
7ff7d0cf0000-7ff7d0cf1000 r--p 000dd000 00:1054 4611686019027979927      /nix/store/4nlgxhb09sdr51nc9hdm8az5b08vzkgx-glibc-2.35-163/lib/libm.so.6
7ff7d0cf1000-7ff7d0cf2000 rw-p 000de000 00:1054 4611686019027979927      /nix/store/4nlgxhb09sdr51nc9hdm8az5b08vzkgx-glibc-2.35-163/lib/libm.so.6
7ff7d0cf2000-7ff7d0cf3000 r--p 00000000 00:1054 4611686019027979946      /nix/store/4nlgxhb09sdr51nc9hdm8az5b08vzkgx-glibc-2.35-163/lib/librt.so.1
7ff7d0cf3000-7ff7d0cf4000 r-xp 00001000 00:1054 4611686019027979946      /nix/store/4nlgxhb09sdr51nc9hdm8az5b08vzkgx-glibc-2.35-163/lib/librt.so.1
7ff7d0cf4000-7ff7d0cf5000 r--p 00002000 00:1054 4611686019027979946      /nix/store/4nlgxhb09sdr51nc9hdm8az5b08vzkgx-glibc-2.35-163/lib/librt.so.1
7ff7d0cf5000-7ff7d0cf6000 r--p 00002000 00:1054 4611686019027979946      /nix/store/4nlgxhb09sdr51nc9hdm8az5b08vzkgx-glibc-2.35-163/lib/librt.so.1
7ff7d0cf6000-7ff7d0cf7000 rw-p 00003000 00:1054 4611686019027979946      /nix/store/4nlgxhb09sdr51nc9hdm8az5b08vzkgx-glibc-2.35-163/lib/librt.so.1
7ff7d0cf7000-7ff7d1e0a000 r-xp 00000000 00:1054 4611686019135360866      /nix/store/gpxl5qgg8kicmcvivwmybwjlpf7wh20l-graalvm17-ce-22.3.0/lib/server/libjvm.so
7ff7d1e0a000-7ff7d1e0b000 ---p 01113000 00:1054 4611686019135360866      /nix/store/gpxl5qgg8kicmcvivwmybwjlpf7wh20l-graalvm17-ce-22.3.0/lib/server/libjvm.so
7ff7d1e0b000-7ff7d1ec0000 r--p 01113000 00:1054 4611686019135360866      /nix/store/gpxl5qgg8kicmcvivwmybwjlpf7wh20l-graalvm17-ce-22.3.0/lib/server/libjvm.so
7ff7d1ec0000-7ff7d1ef4000 rw-p 011c8000 00:1054 4611686019135360866      /nix/store/gpxl5qgg8kicmcvivwmybwjlpf7wh20l-graalvm17-ce-22.3.0/lib/server/libjvm.so
7ff7d1ef4000-7ff7d1f50000 rw-p 00000000 00:00 0 
7ff7d1f50000-7ff7d1f78000 r--p 00000000 00:1054 4611686019027979918      /nix/store/4nlgxhb09sdr51nc9hdm8az5b08vzkgx-glibc-2.35-163/lib/libc.so.6
7ff7d1f78000-7ff7d20ee000 r-xp 00028000 00:1054 4611686019027979918      /nix/store/4nlgxhb09sdr51nc9hdm8az5b08vzkgx-glibc-2.35-163/lib/libc.so.6
7ff7d20ee000-7ff7d2146000 r--p 0019e000 00:1054 4611686019027979918      /nix/store/4nlgxhb09sdr51nc9hdm8az5b08vzkgx-glibc-2.35-163/lib/libc.so.6
7ff7d2146000-7ff7d214a000 r--p 001f6000 00:1054 4611686019027979918      /nix/store/4nlgxhb09sdr51nc9hdm8az5b08vzkgx-glibc-2.35-163/lib/libc.so.6
7ff7d214a000-7ff7d214c000 rw-p 001fa000 00:1054 4611686019027979918      /nix/store/4nlgxhb09sdr51nc9hdm8az5b08vzkgx-glibc-2.35-163/lib/libc.so.6
7ff7d214c000-7ff7d215b000 rw-p 00000000 00:00 0 
7ff7d215b000-7ff7d215c000 r--p 00000000 00:1054 4611686019027979923      /nix/store/4nlgxhb09sdr51nc9hdm8az5b08vzkgx-glibc-2.35-163/lib/libdl.so.2
7ff7d215c000-7ff7d215d000 r-xp 00001000 00:1054 4611686019027979923      /nix/store/4nlgxhb09sdr51nc9hdm8az5b08vzkgx-glibc-2.35-163/lib/libdl.so.2
7ff7d215d000-7ff7d215e000 r--p 00002000 00:1054 4611686019027979923      /nix/store/4nlgxhb09sdr51nc9hdm8az5b08vzkgx-glibc-2.35-163/lib/libdl.so.2
7ff7d215e000-7ff7d215f000 r--p 00002000 00:1054 4611686019027979923      /nix/store/4nlgxhb09sdr51nc9hdm8az5b08vzkgx-glibc-2.35-163/lib/libdl.so.2
7ff7d215f000-7ff7d2160000 rw-p 00003000 00:1054 4611686019027979923      /nix/store/4nlgxhb09sdr51nc9hdm8az5b08vzkgx-glibc-2.35-163/lib/libdl.so.2
7ff7d2160000-7ff7d2161000 r--p 00000000 00:1054 4611686019027979942      /nix/store/4nlgxhb09sdr51nc9hdm8az5b08vzkgx-glibc-2.35-163/lib/libpthread.so.0
7ff7d2161000-7ff7d2162000 r-xp 00001000 00:1054 4611686019027979942      /nix/store/4nlgxhb09sdr51nc9hdm8az5b08vzkgx-glibc-2.35-163/lib/libpthread.so.0
7ff7d2162000-7ff7d2163000 r--p 00002000 00:1054 4611686019027979942      /nix/store/4nlgxhb09sdr51nc9hdm8az5b08vzkgx-glibc-2.35-163/lib/libpthread.so.0
7ff7d2163000-7ff7d2164000 r--p 00002000 00:1054 4611686019027979942      /nix/store/4nlgxhb09sdr51nc9hdm8az5b08vzkgx-glibc-2.35-163/lib/libpthread.so.0
7ff7d2164000-7ff7d2165000 rw-p 00003000 00:1054 4611686019027979942      /nix/store/4nlgxhb09sdr51nc9hdm8az5b08vzkgx-glibc-2.35-163/lib/libpthread.so.0
7ff7d2165000-7ff7d2173000 r-xp 00000000 00:1054 4611686019135190033      /nix/store/gpxl5qgg8kicmcvivwmybwjlpf7wh20l-graalvm17-ce-22.3.0/lib/libjli.so
7ff7d2173000-7ff7d2174000 ---p 0000e000 00:1054 4611686019135190033      /nix/store/gpxl5qgg8kicmcvivwmybwjlpf7wh20l-graalvm17-ce-22.3.0/lib/libjli.so
7ff7d2174000-7ff7d2175000 r--p 0000e000 00:1054 4611686019135190033      /nix/store/gpxl5qgg8kicmcvivwmybwjlpf7wh20l-graalvm17-ce-22.3.0/lib/libjli.so
7ff7d2175000-7ff7d2176000 rw-p 0000f000 00:1054 4611686019135190033      /nix/store/gpxl5qgg8kicmcvivwmybwjlpf7wh20l-graalvm17-ce-22.3.0/lib/libjli.so
7ff7d2176000-7ff7d2177000 rw-p 00012000 00:1054 4611686019135190033      /nix/store/gpxl5qgg8kicmcvivwmybwjlpf7wh20l-graalvm17-ce-22.3.0/lib/libjli.so
7ff7d2177000-7ff7d217a000 r--p 00000000 00:1054 4611686019106210071      /nix/store/026hln0aq1hyshaxsdvhg0kmcm6yf45r-zlib-1.2.13/lib/libz.so.1.2.13
7ff7d217a000-7ff7d218c000 r-xp 00003000 00:1054 4611686019106210071      /nix/store/026hln0aq1hyshaxsdvhg0kmcm6yf45r-zlib-1.2.13/lib/libz.so.1.2.13
7ff7d218c000-7ff7d2193000 r--p 00015000 00:1054 4611686019106210071      /nix/store/026hln0aq1hyshaxsdvhg0kmcm6yf45r-zlib-1.2.13/lib/libz.so.1.2.13
7ff7d2193000-7ff7d2194000 r--p 0001b000 00:1054 4611686019106210071      /nix/store/026hln0aq1hyshaxsdvhg0kmcm6yf45r-zlib-1.2.13/lib/libz.so.1.2.13
7ff7d2194000-7ff7d2195000 rw-p 0001c000 00:1054 4611686019106210071      /nix/store/026hln0aq1hyshaxsdvhg0kmcm6yf45r-zlib-1.2.13/lib/libz.so.1.2.13
7ff7d2195000-7ff7d2197000 rw-p 00000000 00:00 0 
7ff7d2197000-7ff7d2199000 r--p 00000000 00:1054 4611686019027979912      /nix/store/4nlgxhb09sdr51nc9hdm8az5b08vzkgx-glibc-2.35-163/lib/ld-linux-x86-64.so.2
7ff7d2199000-7ff7d21c0000 r-xp 00002000 00:1054 4611686019027979912      /nix/store/4nlgxhb09sdr51nc9hdm8az5b08vzkgx-glibc-2.35-163/lib/ld-linux-x86-64.so.2
7ff7d21c0000-7ff7d21cc000 r--p 00029000 00:1054 4611686019027979912      /nix/store/4nlgxhb09sdr51nc9hdm8az5b08vzkgx-glibc-2.35-163/lib/ld-linux-x86-64.so.2
7ff7d21cc000-7ff7d21ce000 r--p 00034000 00:1054 4611686019027979912      /nix/store/4nlgxhb09sdr51nc9hdm8az5b08vzkgx-glibc-2.35-163/lib/ld-linux-x86-64.so.2
7ff7d21ce000-7ff7d21d0000 rw-p 00036000 00:1054 4611686019027979912      /nix/store/4nlgxhb09sdr51nc9hdm8az5b08vzkgx-glibc-2.35-163/lib/ld-linux-x86-64.so.2
7fff494ed000-7fff49511000 rw-p 00000000 00:00 0                          [stack]
7fff4952f000-7fff49533000 r--p 00000000 00:00 0                          [vvar]
7fff49533000-7fff49535000 r-xp 00000000 00:00 0                          [vdso]
ffffffffff600000-ffffffffff601000 --xp 00000000 00:00 0                  [vsyscall]


VM Arguments:
jvm_args: -XX:ThreadPriorityPolicy=1 -XX:+UnlockExperimentalVMOptions -XX:+EnableJVMCIProduct -XX:JVMCIThreadsPerNativeLibraryRuntime=1 -XX:-UnlockExperimentalVMOptions -Declipse.application=org.eclipse.jdt.ls.core.id1 -Dosgi.bundles.defaultStartLevel=4 -Declipse.product=org.eclipse.jdt.ls.core.product -Dlog.level=ALL -Xverify:none -XX:+UseParallelGC -XX:GCTimeRatio=4 -XX:AdaptiveSizePolicyWeight=90 -Dsun.zip.disableMemoryMapping=true -Xmx512m -Xms100m 
java_command: /nix/store/m6gcpi1ii6rghy04cjwjddcavv7i90df-jdt-language-server-1.9.0/share/java/plugins/org.eclipse.equinox.launcher_1.6.400.v20210924-0641.jar --add-modules=ALL-SYSTEM --add-opens java.base/java.util=ALL-UNNAMED --add-opens java.base/java.lang=ALL-UNNAMED -configuration /home/runner/.cache/jdt-language-server/config -data /home/runner/.cache/jdt-language-server/data/home/runner/Aggregate-and-Collaborate
java_class_path (initial): /nix/store/m6gcpi1ii6rghy04cjwjddcavv7i90df-jdt-language-server-1.9.0/share/java/plugins/org.eclipse.equinox.launcher_1.6.400.v20210924-0641.jar
Launcher Type: SUN_STANDARD

[Global flags]
    uintx AdaptiveSizePolicyWeight                 = 90                                        {product} {command line}
     intx CICompilerCount                          = 2                                         {product} {ergonomic}
     bool EnableJVMCIProduct                       = true                                {JVMCI product} {jimage}
    uintx GCTimeRatio                              = 4                                         {product} {command line}
   size_t InitialHeapSize                          = 104857600                                 {product} {command line}
     uint JVMCIThreadsPerNativeLibraryRuntime      = 1                                   {JVMCI product} {jimage}
   size_t MaxHeapSize                              = 536870912                                 {product} {command line}
   size_t MaxNewSize                               = 178782208                                 {product} {ergonomic}
   size_t MinHeapDeltaBytes                        = 524288                                    {product} {ergonomic}
   size_t MinHeapSize                              = 104857600                                 {product} {command line}
   size_t NewSize                                  = 34603008                                  {product} {ergonomic}
    uintx NonNMethodCodeHeapSize                   = 5826188                                {pd product} {ergonomic}
    uintx NonProfiledCodeHeapSize                  = 122916026                              {pd product} {ergonomic}
   size_t OldSize                                  = 70254592                                  {product} {ergonomic}
    uintx ProfiledCodeHeapSize                     = 122916026                              {pd product} {ergonomic}
    uintx ReservedCodeCacheSize                    = 251658240                              {pd product} {ergonomic}
     bool SegmentedCodeCache                       = true                                      {product} {ergonomic}
   size_t SoftMaxHeapSize                          = 536870912                              {manageable} {ergonomic}
     intx ThreadPriorityPolicy                     = 1                                         {product} {jimage}
     bool UseCompressedClassPointers               = true                           {product lp64_product} {ergonomic}
     bool UseCompressedOops                        = true                           {product lp64_product} {ergonomic}
     bool UseParallelGC                            = true                                      {product} {command line}

Logging:
Log output configuration:
 #0: stdout all=warning uptime,level,tags
 #1: stderr all=off uptime,level,tags

Environment Variables:
JAVA_HOME=/nix/store/gpxl5qgg8kicmcvivwmybwjlpf7wh20l-graalvm17-ce-22.3.0
PATH=/nix/store/1d6ian3r8kdzspw8hacjhl3xkp40g1lj-binutils-wrapper-2.39/bin:/nix/store/dq0xwmsk1g0i2ayg6pb7y87na2knzylh-gcc-wrapper-11.3.0/bin:/nix/store/bap4d0lpcrhpwmpb8ayjcgkmvfj62lnq-bash-interactive-5.1-p16/bin:/nix/store/pr5n59mb4jzmfx6kanwxly0l07p861fg-patchelf-0.15.0/bin:/nix/store/1gf2flfqnpqbr1b4p4qz2f72y42bs56r-gcc-11.3.0/bin:/nix/store/57xv61c5zi8pphjbcwxxjlgc34p61ic9-glibc-2.35-163-bin/bin:/nix/store/a7gvj343m05j2s32xcnwr35v31ynlypr-coreutils-9.1/bin:/nix/store/039g378vc3pc3dvi9dzdlrd0i4q93qwf-binutils-2.39/bin:/nix/store/gpxl5qgg8kicmcvivwmybwjlpf7wh20l-graalvm17-ce-22.3.0/bin:/nix/store/6z9ag3ihc8mq2hzsw48lhbznvzny65nz-apache-maven-3.8.6/bin:/nix/store/m6gcpi1ii6rghy04cjwjddcavv7i90df-jdt-language-server-1.9.0/bin:/nix/store/84xs5alhs01zrbr4ywm05kxbjbp5590l-java-debug/bin:/nix/store/mydc6f4k2z73xlcz7ilif3v2lcaiqvza-findutils-4.9.0/bin:/nix/store/j9p3g8472iijd50vhdprx0nmk2fqn5gv-diffutils-3.8/bin:/nix/store/89zs7rms6x00xfq4dq6m7mjnhkr8a6r4-gnused-4.8/bin:/nix/store/86bp03jkmsl6f92w0yzg4s59g5mhxwmy-gnugrep-3.7/bin:/nix/store/hwcdqw4jrjnd37wxqgsd47hd0j8bnj09-gawk-5.1.1/bin:/nix/store/cfbhw8r8ags41vwqaz47r583d0p4h4a1-gnutar-1.34/bin:/nix/store/p3m1ndl1lapwrlh698bnb5lvvxh67378-gzip-1.12/bin:/nix/store/a8mhcagrsly7c7mpjrpsnaahk4aax056-bzip2-1.0.8-bin/bin:/nix/store/mblgz65m3zv9x548a3d5m96fj2pbwr09-gnumake-4.3/bin:/nix/store/dsd5gz46hdbdk2rfdimqddhq6m8m8fqs-bash-5.1-p16/bin:/nix/store/v7ljksji50mg3w61dykaa3n3y79n6nil-patch-2.7.6/bin:/nix/store/zlcnmqq14jz5x9439jf937mvayyl63da-xz-5.2.7-bin/bin:/nix/store/y6aj732zm9m87c82fpvf103a1xb22blp-file-5.43/bin:/nix/store/sgqd0ajghcv2axfl1lad0b1alyavp0dc-prybar-elisp-0.0.0-67f7a00/bin:/nix/store/p3hsvljpgs68jqwar41lc0jqhjj734lf-prybar-lua-0.0.0-67f7a00/bin:/nix/store/qzxs2gybds3s9kb1vkaflpgm2nwr85fh-prybar-python3-0.0.0-67f7a00/bin:/nix/store/km94z9mxp8w4m8gxxp5mbfpdf3nkfvd8-prybar-sqlite-0.0.0-67f7a00/bin:/nix/store/2pnc7b76asw0z59c4l6h6qy8arwqrii1-prybar-tcl-0.0.0-67f7a00/bin:/nix/store/hpbvrlwd5viqmvcaisb3x0118i913a9n-st
LD_LIBRARY_PATH=/nix/store/a4pff549sk2idnkpzk5nsfps3mdkdnvm-cups-2.4.2-lib/lib:/nix/store/72mqxxhh3cy5yifh92wh2yb8cl2hikyy-cairo-1.16.0/lib:/nix/store/2k366jrbsra97gjfxwvrhvixjfxdach5-glib-2.74.1/lib:/nix/store/2j2znigd8ak37rlwh9khz0ry3clqlw1l-gtk+3-3.24.34/lib:/nix/store/hisqvx32cd57apbpcsnkpx6k3549wql1-libglvnd-1.4.0/lib:/nix/store/p36pgcv991mq5srvg765b78yqpxvk3qs-mesa-21.3.3-drivers/lib:/nix/store/mav4251if1ahjq5vkpwycyyvnmy459c4-pulseaudio-14.2/lib
DISPLAY=:0
LANG=en_US.UTF-8

Signal Handlers:
   SIGSEGV: crash_handler in libjvm.so, mask=11100100010111111101111111111110, flags=SA_RESTART|SA_SIGINFO
    SIGBUS: crash_handler in libjvm.so, mask=11100100010111111101111111111110, flags=SA_RESTART|SA_SIGINFO
    SIGFPE: crash_handler in libjvm.so, mask=11100100010111111101111111111110, flags=SA_RESTART|SA_SIGINFO
   SIGPIPE: IsolateEnterStub_IgnoreSIGPIPEStartupHook_noopSignalHandler_8f19bff2f35b5f630d83b364d6b2339320d4ec70_216e8361c6bc87a8f89f58cc10d3b2fd4415bf87 in libjvmcicompiler.so, mask=00000000000000000000000000000000, flags=SA_RESTART
  *** Handler was modified!
  *** Expected: javaSignalHandler in libjvm.so, mask=11100100110111111111111111111110, flags=SA_RESTART|SA_SIGINFO
   SIGXFSZ: javaSignalHandler in libjvm.so, mask=11100100010111111101111111111110, flags=SA_RESTART|SA_SIGINFO
    SIGILL: crash_handler in libjvm.so, mask=11100100010111111101111111111110, flags=SA_RESTART|SA_SIGINFO
   SIGUSR2: SR_handler in libjvm.so, mask=00000000000000000000000000000000, flags=SA_RESTART|SA_SIGINFO
    SIGHUP: UserHandler in libjvm.so, mask=11100100010111111101111111111110, flags=SA_RESTART|SA_SIGINFO
    SIGINT: UserHandler in libjvm.so, mask=11100100010111111101111111111110, flags=SA_RESTART|SA_SIGINFO
   SIGTERM: UserHandler in libjvm.so, mask=11100100010111111101111111111110, flags=SA_RESTART|SA_SIGINFO
   SIGQUIT: UserHandler in libjvm.so, mask=11100100010111111101111111111110, flags=SA_RESTART|SA_SIGINFO
  *** Handler was modified!
  *** Expected: javaSignalHandler in libjvm.so, mask=11100100110111111111111111111110, flags=SA_RESTART|SA_SIGINFO
   SIGTRAP: crash_handler in libjvm.so, mask=11100100010111111101111111111110, flags=SA_RESTART|SA_SIGINFO


---------------  S Y S T E M  ---------------

OS:
DISTRIB_ID=Ubuntu
DISTRIB_RELEASE=20.04
DISTRIB_CODENAME=focal
DISTRIB_DESCRIPTION="Ubuntu 20.04.2 LTS"
uname: Linux 5.15.0-1030-gcp #37~20.04.1-Ubuntu SMP Mon Feb 20 04:30:57 UTC 2023 x86_64
OS uptime: 0 days 13:15 hours
libc: glibc 2.35 NPTL 2.35 
rlimit (soft/hard): STACK 8192k/infinity , CORE infinity/infinity , NPROC infinity/infinity , NOFILE 5242/5242 , AS infinity/infinity , CPU infinity/infinity , DATA infinity/infinity , FSIZE infinity/infinity , MEMLOCK 64k/64k
load average: 15.61 13.37 12.76

/proc/meminfo:
MemTotal:       65852728 kB
MemFree:        15940832 kB
MemAvailable:   40711776 kB
Buffers:         2905900 kB
Cached:         20461060 kB
SwapCached:            0 kB
Active:         11827008 kB
Inactive:       33008304 kB
Active(anon):      16936 kB
Inactive(anon): 21300028 kB
Active(file):   11810072 kB
Inactive(file): 11708276 kB
Unevictable:       43260 kB
Mlocked:           43260 kB
SwapTotal:             0 kB
SwapFree:              0 kB
Dirty:              6744 kB
Writeback:             0 kB
AnonPages:      19742348 kB
Mapped:          2455400 kB
Shmem:            170060 kB
KReclaimable:    1979196 kB
Slab:            4065964 kB
SReclaimable:    1979196 kB
SUnreclaim:      2086768 kB
KernelStack:      411924 kB
PageTables:       179208 kB
NFS_Unstable:          0 kB
Bounce:                0 kB
WritebackTmp:          0 kB
CommitLimit:    32926364 kB
Committed_AS:   80013572 kB
VmallocTotal:   34359738367 kB
VmallocUsed:      457284 kB
VmallocChunk:          0 kB
Percpu:            67200 kB
HardwareCorrupted:     0 kB
AnonHugePages:   1247232 kB
ShmemHugePages:        0 kB
ShmemPmdMapped:        0 kB
FileHugePages:         0 kB
FilePmdMapped:         0 kB
HugePages_Total:       0
HugePages_Free:        0
HugePages_Rsvd:        0
HugePages_Surp:        0
Hugepagesize:       2048 kB
Hugetlb:               0 kB
DirectMap4k:     5493568 kB
DirectMap2M:    50077696 kB
DirectMap1G:    13631488 kB

/sys/kernel/mm/transparent_hugepage/enabled: always [madvise] never
/sys/kernel/mm/transparent_hugepage/defrag (defrag/compaction efforts parameter): always defer defer+madvise [madvise] never

Process Memory:
Virtual Size: 5489752K (peak: 5553980K)
Resident Set Size: 748236K (peak: 816820K) (anon: 554768K, file: 193468K, shmem: 0K)
Swapped out: 0K
C-Heap outstanding allocations: 42553K, retained: 15546K
glibc malloc tunables: (default)

/proc/sys/kernel/threads-max (system-wide limit on the number of threads): 514406
/proc/sys/vm/max_map_count (maximum number of memory map areas a process may have): 65530
/proc/sys/kernel/pid_max (system-wide limit on number of process identifiers): 4194304

container (cgroup) information:
container_type: cgroupv1
cpu_cpuset_cpus: 2-7
cpu_memory_nodes: 0
active_processor_count: 1
cpu_quota: 50000
cpu_period: 100000
cpu_shares: 512
memory_limit_in_bytes: 1048576 k
memory_and_swap_limit_in_bytes: 1048576 k
memory_soft_limit_in_bytes: 524288 k
memory_usage_in_bytes: 595036 k
memory_max_usage_in_bytes: 659280 k
maximum number of tasks: 1000
current number of tasks: 63

KVM virtualization detected
Steal ticks since vm start: 0
Steal ticks percentage since vm start:  0.000

CPU: total 8 (initial active 1) (8 cores per cpu, 2 threads per core) family 23 model 49 stepping 0 microcode 0xffffffff, cx8, cmov, fxsr, ht, mmx, 3dnowpref, sse, sse2, sse3, ssse3, sse4a, sse4.1, sse4.2, popcnt, lzcnt, tsc, tscinvbit, avx, avx2, aes, clmul, bmi1, bmi2, adx, sha, fma, vzeroupper, clflush, clflushopt, hv
CPU Model and flags from /proc/cpuinfo:
model name	: AMD EPYC 7B12
flags		: fpu vme de pse tsc msr pae mce cx8 apic sep mtrr pge mca cmov pat pse36 clflush mmx fxsr sse sse2 ht syscall nx mmxext fxsr_opt pdpe1gb rdtscp lm constant_tsc rep_good nopl nonstop_tsc cpuid extd_apicid tsc_known_freq pni pclmulqdq ssse3 fma cx16 sse4_1 sse4_2 movbe popcnt aes xsave avx f16c rdrand hypervisor lahf_lm cmp_legacy cr8_legacy abm sse4a misalignsse 3dnowprefetch osvw topoext ssbd ibrs ibpb stibp vmmcall fsgsbase tsc_adjust bmi1 avx2 smep bmi2 rdseed adx smap clflushopt clwb sha_ni xsaveopt xsavec xgetbv1 clzero xsaveerptr arat npt nrip_save umip rdpid

Online cpus: 0-7
Offline cpus: 
BIOS frequency limitation: <Not Available>
Frequency switch latency (ns): <Not Available>
Available cpu frequencies: <Not Available>
Current governor: <Not Available>
Core performance/turbo boost: <Not Available>

Memory: 4k page, physical 1048576k(453536k free), swap 0k(0k free)
Page Sizes: 4k

vm_info: OpenJDK 64-Bit Server VM (17.0.5+8-jvmci-22.3-b08) for linux-amd64 JRE (17.0.5+8-jvmci-22.3-b08), built on Oct 19 2022 09:01:27 by "buildslave" with gcc 10.3.0

END.
